2022-06-04 23:07:13.358 [INFO ] [net.sf.log4jdbc.log.slf4j.Slf4jSpyLogDelegator] [HikariPool-9 connection adder] -- 5. Connection.getAutoCommit() returned true
2022-06-04 23:07:13.404 [INFO ] [net.sf.log4jdbc.log.slf4j.Slf4jSpyLogDelegator] [HikariPool-9 connection adder] -- 6. Connection opened
2022-06-04 23:07:13.404 [INFO ] [net.sf.log4jdbc.log.slf4j.Slf4jSpyLogDelegator] [HikariPool-9 connection adder] -- 6. Connection.new Connection returned 
2022-06-04 23:07:13.404 [INFO ] [net.sf.log4jdbc.log.slf4j.Slf4jSpyLogDelegator] [HikariPool-9 connection adder] -- 6. Connection.isReadOnly() returned false
2022-06-04 23:07:13.404 [INFO ] [net.sf.log4jdbc.log.slf4j.Slf4jSpyLogDelegator] [HikariPool-9 connection adder] -- 6. Connection.getAutoCommit() returned true
2022-06-04 23:07:13.431 [INFO ] [net.sf.log4jdbc.log.slf4j.Slf4jSpyLogDelegator] [HikariPool-9 connection adder] -- 7. Connection opened
2022-06-04 23:07:13.431 [INFO ] [net.sf.log4jdbc.log.slf4j.Slf4jSpyLogDelegator] [HikariPool-9 connection adder] -- 7. Connection.new Connection returned 
2022-06-04 23:07:13.431 [INFO ] [net.sf.log4jdbc.log.slf4j.Slf4jSpyLogDelegator] [HikariPool-9 connection adder] -- 7. Connection.isReadOnly() returned false
2022-06-04 23:07:13.431 [INFO ] [net.sf.log4jdbc.log.slf4j.Slf4jSpyLogDelegator] [HikariPool-9 connection adder] -- 7. Connection.getAutoCommit() returned true
2022-06-04 23:07:13.456 [INFO ] [net.sf.log4jdbc.log.slf4j.Slf4jSpyLogDelegator] [HikariPool-9 connection adder] -- 8. Connection opened
2022-06-04 23:07:13.456 [INFO ] [net.sf.log4jdbc.log.slf4j.Slf4jSpyLogDelegator] [HikariPool-9 connection adder] -- 8. Connection.new Connection returned 
2022-06-04 23:07:13.456 [INFO ] [net.sf.log4jdbc.log.slf4j.Slf4jSpyLogDelegator] [HikariPool-9 connection adder] -- 8. Connection.isReadOnly() returned false
2022-06-04 23:07:13.456 [INFO ] [net.sf.log4jdbc.log.slf4j.Slf4jSpyLogDelegator] [HikariPool-9 connection adder] -- 8. Connection.getAutoCommit() returned true
2022-06-04 23:07:13.480 [INFO ] [net.sf.log4jdbc.log.slf4j.Slf4jSpyLogDelegator] [HikariPool-9 connection adder] -- 9. Connection opened
2022-06-04 23:07:13.480 [INFO ] [net.sf.log4jdbc.log.slf4j.Slf4jSpyLogDelegator] [HikariPool-9 connection adder] -- 9. Connection.new Connection returned 
2022-06-04 23:07:13.480 [INFO ] [net.sf.log4jdbc.log.slf4j.Slf4jSpyLogDelegator] [HikariPool-9 connection adder] -- 9. Connection.isReadOnly() returned false
2022-06-04 23:07:13.480 [INFO ] [net.sf.log4jdbc.log.slf4j.Slf4jSpyLogDelegator] [HikariPool-9 connection adder] -- 9. Connection.getAutoCommit() returned true
2022-06-04 23:07:13.507 [INFO ] [net.sf.log4jdbc.log.slf4j.Slf4jSpyLogDelegator] [HikariPool-9 connection adder] -- 10. Connection opened
2022-06-04 23:07:13.507 [INFO ] [net.sf.log4jdbc.log.slf4j.Slf4jSpyLogDelegator] [HikariPool-9 connection adder] -- 10. Connection.new Connection returned 
2022-06-04 23:07:13.507 [INFO ] [net.sf.log4jdbc.log.slf4j.Slf4jSpyLogDelegator] [HikariPool-9 connection adder] -- 10. Connection.isReadOnly() returned false
2022-06-04 23:07:13.507 [INFO ] [net.sf.log4jdbc.log.slf4j.Slf4jSpyLogDelegator] [HikariPool-9 connection adder] -- 10. Connection.getAutoCommit() returned true
2022-06-04 23:07:14.019 [INFO ] [org.springframework.web.context.ContextLoader] [Catalina-utility-2] -- Root WebApplicationContext: initialization completed in 2390 ms
2022-06-04 23:07:14.070 [INFO ] [org.springframework.web.servlet.FrameworkServlet] [Catalina-utility-2] -- FrameworkServlet 'appServlet': initialization started
2022-06-04 23:07:14.073 [INFO ] [org.springframework.context.support.AbstractApplicationContext] [Catalina-utility-2] -- Refreshing WebApplicationContext for namespace 'appServlet-servlet': startup date [Sat Jun 04 23:07:14 KST 2022]; parent: Root WebApplicationContext
2022-06-04 23:07:14.073 [INFO ] [org.springframework.beans.factory.xml.XmlBeanDefinitionReader] [Catalina-utility-2] -- Loading XML bean definitions from ServletContext resource [/WEB-INF/spring/appServlet/servlet-context.xml]
2022-06-04 23:07:14.378 [INFO ] [org.springframework.beans.factory.annotation.AutowiredAnnotationBeanPostProcessor] [Catalina-utility-2] -- JSR-330 'javax.inject.Inject' annotation found and supported for autowiring
2022-06-04 23:07:14.690 [INFO ] [org.springframework.web.servlet.handler.AbstractHandlerMethodMapping$MappingRegistry] [Catalina-utility-2] -- Mapped "{[/admin/home]}" onto public java.lang.String com.javateam.project.controller.AdminController.home()
2022-06-04 23:07:14.691 [INFO ] [org.springframework.web.servlet.handler.AbstractHandlerMethodMapping$MappingRegistry] [Catalina-utility-2] -- Mapped "{[/admin/product/productUpdateProc],methods=[POST]}" onto public java.lang.String com.javateam.project.controller.AdminController.productUpdateProc(com.javateam.project.domain.ProductDTO,javax.servlet.http.HttpSession,org.springframework.ui.Model)
2022-06-04 23:07:14.692 [INFO ] [org.springframework.web.servlet.handler.AbstractHandlerMethodMapping$MappingRegistry] [Catalina-utility-2] -- Mapped "{[/admin/product/searchProductList],methods=[GET]}" onto public java.lang.String com.javateam.project.controller.AdminController.searchProductList(int,int,java.lang.String,java.lang.String,java.lang.String,org.springframework.ui.Model)
2022-06-04 23:07:14.692 [INFO ] [org.springframework.web.servlet.handler.AbstractHandlerMethodMapping$MappingRegistry] [Catalina-utility-2] -- Mapped "{[/admin/product/productRegistProc],methods=[POST]}" onto public java.lang.String com.javateam.project.controller.AdminController.productRegistProc(com.javateam.project.domain.ProductDTO,org.springframework.ui.Model)
2022-06-04 23:07:14.692 [INFO ] [org.springframework.web.servlet.handler.AbstractHandlerMethodMapping$MappingRegistry] [Catalina-utility-2] -- Mapped "{[/admin/product/productRegist],methods=[GET]}" onto public java.lang.String com.javateam.project.controller.AdminController.productRegist(org.springframework.ui.Model)
2022-06-04 23:07:14.692 [INFO ] [org.springframework.web.servlet.handler.AbstractHandlerMethodMapping$MappingRegistry] [Catalina-utility-2] -- Mapped "{[/admin/product/productDetail],methods=[GET]}" onto public java.lang.String com.javateam.project.controller.AdminController.productDetail(int,int,org.springframework.ui.Model)
2022-06-04 23:07:14.693 [INFO ] [org.springframework.web.servlet.handler.AbstractHandlerMethodMapping$MappingRegistry] [Catalina-utility-2] -- Mapped "{[/admin/member/memberList]}" onto public java.lang.String com.javateam.project.controller.AdminController.memberList(int,int,org.springframework.ui.Model)
2022-06-04 23:07:14.693 [INFO ] [org.springframework.web.servlet.handler.AbstractHandlerMethodMapping$MappingRegistry] [Catalina-utility-2] -- Mapped "{[/admin/member/searchMemberList]}" onto public java.lang.String com.javateam.project.controller.AdminController.searchMemberList(int,int,java.lang.String,java.lang.String,org.springframework.ui.Model)
2022-06-04 23:07:14.693 [INFO ] [org.springframework.web.servlet.handler.AbstractHandlerMethodMapping$MappingRegistry] [Catalina-utility-2] -- Mapped "{[/admin/product/productList],methods=[GET]}" onto public java.lang.String com.javateam.project.controller.AdminController.productList(int,int,org.springframework.ui.Model)
2022-06-04 23:07:14.693 [INFO ] [org.springframework.web.servlet.handler.AbstractHandlerMethodMapping$MappingRegistry] [Catalina-utility-2] -- Mapped "{[/admin/product/productUpdate],methods=[GET]}" onto public java.lang.String com.javateam.project.controller.AdminController.productUpdate(int,javax.servlet.http.HttpSession,org.springframework.ui.Model)
2022-06-04 23:07:14.694 [INFO ] [org.springframework.web.servlet.handler.AbstractHandlerMethodMapping$MappingRegistry] [Catalina-utility-2] -- Mapped "{[/admin/order/orderList]}" onto public java.lang.String com.javateam.project.controller.AdminOrderController.orderList(java.lang.String,org.springframework.ui.Model)
2022-06-04 23:07:14.694 [INFO ] [org.springframework.web.servlet.handler.AbstractHandlerMethodMapping$MappingRegistry] [Catalina-utility-2] -- Mapped "{[/admin/order/orderSave]}" onto public java.lang.String com.javateam.project.controller.AdminOrderController.orderSave(int[])
2022-06-04 23:07:14.698 [INFO ] [org.springframework.web.servlet.handler.AbstractHandlerMethodMapping$MappingRegistry] [Catalina-utility-2] -- Mapped "{[/admin/product/updateUseYN],methods=[GET],produces=[text/plain;charset=UTF-8]}" onto public org.springframework.http.ResponseEntity<java.lang.String> com.javateam.project.controller.AdminProductRestController.updateUseYN(int,java.lang.String)
2022-06-04 23:07:14.698 [INFO ] [org.springframework.web.servlet.handler.AbstractHandlerMethodMapping$MappingRegistry] [Catalina-utility-2] -- Mapped "{[/admin/product/updateBestYN],methods=[GET],produces=[text/plain;charset=UTF-8]}" onto public org.springframework.http.ResponseEntity<java.lang.String> com.javateam.project.controller.AdminProductRestController.updateBestYN(int,java.lang.String)
2022-06-04 23:07:14.699 [INFO ] [org.springframework.web.servlet.handler.AbstractHandlerMethodMapping$MappingRegistry] [Catalina-utility-2] -- Mapped "{[/admin/qna/qnaDetailForm]}" onto public java.lang.String com.javateam.project.controller.AdminQnaController.qnaDetail(int,org.springframework.ui.Model)
2022-06-04 23:07:14.699 [INFO ] [org.springframework.web.servlet.handler.AbstractHandlerMethodMapping$MappingRegistry] [Catalina-utility-2] -- Mapped "{[/admin/qna/qnaList]}" onto public java.lang.String com.javateam.project.controller.AdminQnaController.qnaList(int,int,org.springframework.ui.Model)
2022-06-04 23:07:14.699 [INFO ] [org.springframework.web.servlet.handler.AbstractHandlerMethodMapping$MappingRegistry] [Catalina-utility-2] -- Mapped "{[/admin/qna/qnaRepsave]}" onto public java.lang.String com.javateam.project.controller.AdminQnaController.qnaRepsave(int,java.lang.String,org.springframework.ui.Model)
2022-06-04 23:07:14.701 [INFO ] [org.springframework.web.servlet.handler.AbstractHandlerMethodMapping$MappingRegistry] [Catalina-utility-2] -- Mapped "{[/cart/cartList],methods=[GET]}" onto public java.lang.String com.javateam.project.controller.CartController.cartList(javax.servlet.http.HttpSession,org.springframework.ui.Model)
2022-06-04 23:07:14.701 [INFO ] [org.springframework.web.servlet.handler.AbstractHandlerMethodMapping$MappingRegistry] [Catalina-utility-2] -- Mapped "{[/cart/cartUpdate]}" onto public java.lang.String com.javateam.project.controller.CartController.cartUpdate(int[],int[],int[],javax.servlet.http.HttpSession,org.springframework.ui.Model)
2022-06-04 23:07:14.701 [INFO ] [org.springframework.web.servlet.handler.AbstractHandlerMethodMapping$MappingRegistry] [Catalina-utility-2] -- Mapped "{[/cart/cartDelete]}" onto public java.lang.String com.javateam.project.controller.CartController.cartDelete(int[],org.springframework.ui.Model)
2022-06-04 23:07:14.701 [INFO ] [org.springframework.web.servlet.handler.AbstractHandlerMethodMapping$MappingRegistry] [Catalina-utility-2] -- Mapped "{[/cart/cartInsert]}" onto public java.lang.String com.javateam.project.controller.CartController.cartInsert(int,int,javax.servlet.http.HttpSession,org.springframework.ui.Model)
2022-06-04 23:07:14.701 [INFO ] [org.springframework.web.servlet.handler.AbstractHandlerMethodMapping$MappingRegistry] [Catalina-utility-2] -- Mapped "{[/index]}" onto public java.lang.String com.javateam.project.controller.HomeController.index(javax.servlet.http.HttpServletRequest,org.springframework.ui.Model)
2022-06-04 23:07:14.702 [INFO ] [org.springframework.web.servlet.handler.AbstractHandlerMethodMapping$MappingRegistry] [Catalina-utility-2] -- Mapped "{[/]}" onto public java.lang.String com.javateam.project.controller.HomeController.home()
2022-06-04 23:07:14.703 [INFO ] [org.springframework.web.servlet.handler.AbstractHandlerMethodMapping$MappingRegistry] [Catalina-utility-2] -- Mapped "{[/login/logout],methods=[GET]}" onto public java.lang.String com.javateam.project.controller.LoginController.logout(javax.servlet.http.HttpSession)
2022-06-04 23:07:14.703 [INFO ] [org.springframework.web.servlet.handler.AbstractHandlerMethodMapping$MappingRegistry] [Catalina-utility-2] -- Mapped "{[/login/login_proc],methods=[POST]}" onto public java.lang.String com.javateam.project.controller.LoginController.loginProc(java.lang.String,java.lang.String,org.springframework.ui.Model,javax.servlet.http.HttpSession,org.springframework.web.servlet.mvc.support.RedirectAttributes)
2022-06-04 23:07:14.703 [INFO ] [org.springframework.web.servlet.handler.AbstractHandlerMethodMapping$MappingRegistry] [Catalina-utility-2] -- Mapped "{[/login/login_form]}" onto public org.springframework.web.servlet.ModelAndView com.javateam.project.controller.LoginController.loginForm()
2022-06-04 23:07:14.708 [INFO ] [org.springframework.web.servlet.handler.AbstractHandlerMethodMapping$MappingRegistry] [Catalina-utility-2] -- Mapped "{[/member/checkInactiveMember],methods=[GET]}" onto public java.lang.String com.javateam.project.controller.MemberController.checkInActiveMember()
2022-06-04 23:07:14.708 [INFO ] [org.springframework.web.servlet.handler.AbstractHandlerMethodMapping$MappingRegistry] [Catalina-utility-2] -- Mapped "{[/member/check_inactive_member_proc],methods=[POST]}" onto public java.lang.String com.javateam.project.controller.MemberController.checkInactiveMemberProc(com.javateam.project.domain.MemberVO,org.springframework.ui.Model)
2022-06-04 23:07:14.708 [INFO ] [org.springframework.web.servlet.handler.AbstractHandlerMethodMapping$MappingRegistry] [Catalina-utility-2] -- Mapped "{[/member/member_inactive]}" onto public java.lang.String com.javateam.project.controller.MemberController.memberInactiveProc(javax.servlet.http.HttpSession,org.springframework.ui.Model)
2022-06-04 23:07:14.709 [INFO ] [org.springframework.web.servlet.handler.AbstractHandlerMethodMapping$MappingRegistry] [Catalina-utility-2] -- Mapped "{[/member/contract]}" onto public java.lang.String com.javateam.project.controller.MemberController.constract()
2022-06-04 23:07:14.709 [INFO ] [org.springframework.web.servlet.handler.AbstractHandlerMethodMapping$MappingRegistry] [Catalina-utility-2] -- Mapped "{[/member/join_form]}" onto public java.lang.String com.javateam.project.controller.MemberController.joinForm(java.lang.String)
2022-06-04 23:07:14.709 [INFO ] [org.springframework.web.servlet.handler.AbstractHandlerMethodMapping$MappingRegistry] [Catalina-utility-2] -- Mapped "{[/member/join_proc],methods=[POST]}" onto public java.lang.String com.javateam.project.controller.MemberController.joinProc(com.javateam.project.domain.MemberVO)
2022-06-04 23:07:14.709 [INFO ] [org.springframework.web.servlet.handler.AbstractHandlerMethodMapping$MappingRegistry] [Catalina-utility-2] -- Mapped "{[/member/member_info],methods=[GET]}" onto public java.lang.String com.javateam.project.controller.MemberController.memberInfo()
2022-06-04 23:07:14.709 [INFO ] [org.springframework.web.servlet.handler.AbstractHandlerMethodMapping$MappingRegistry] [Catalina-utility-2] -- Mapped "{[/member/update_proc],methods=[POST]}" onto public java.lang.String com.javateam.project.controller.MemberController.updateProc(com.javateam.project.domain.MemberDTO,org.springframework.validation.BindingResult,org.springframework.web.servlet.mvc.support.RedirectAttributes,javax.servlet.http.HttpSession)
2022-06-04 23:07:14.710 [INFO ] [org.springframework.web.servlet.handler.AbstractHandlerMethodMapping$MappingRegistry] [Catalina-utility-2] -- Mapped "{[/member/member_update],methods=[GET]}" onto public java.lang.String com.javateam.project.controller.MemberController.memberUpdate()
2022-06-04 23:07:14.714 [INFO ] [org.springframework.web.servlet.handler.AbstractHandlerMethodMapping$MappingRegistry] [Catalina-utility-2] -- Mapped "{[/member/phone_check_update],methods=[GET],produces=[text/plain;charset=UTF-8]}" onto public org.springframework.http.ResponseEntity<java.lang.String> com.javateam.project.controller.MemberRestController.phoneCheckOnUpdate(java.lang.String,java.lang.String)
2022-06-04 23:07:14.714 [INFO ] [org.springframework.web.servlet.handler.AbstractHandlerMethodMapping$MappingRegistry] [Catalina-utility-2] -- Mapped "{[/member/email_check_update],methods=[GET],produces=[text/plain;charset=UTF-8]}" onto public org.springframework.http.ResponseEntity<java.lang.String> com.javateam.project.controller.MemberRestController.emailCheckOnUpdate(java.lang.String,java.lang.String)
2022-06-04 23:07:14.714 [INFO ] [org.springframework.web.servlet.handler.AbstractHandlerMethodMapping$MappingRegistry] [Catalina-utility-2] -- Mapped "{[/member/member_inactive_admin],methods=[GET],produces=[text/plain;charset=UTF-8]}" onto public org.springframework.http.ResponseEntity<java.lang.String> com.javateam.project.controller.MemberRestController.memberInactiveByAdmin(java.lang.String)
2022-06-04 23:07:14.715 [INFO ] [org.springframework.web.servlet.handler.AbstractHandlerMethodMapping$MappingRegistry] [Catalina-utility-2] -- Mapped "{[/member/zip_address_update],methods=[GET],produces=[text/plain;charset=UTF-8]}" onto public org.springframework.http.ResponseEntity<java.lang.String> com.javateam.project.controller.MemberRestController.zipAddress1Update(java.lang.String,java.lang.String,java.lang.String,java.lang.String)
2022-06-04 23:07:14.715 [INFO ] [org.springframework.web.servlet.handler.AbstractHandlerMethodMapping$MappingRegistry] [Catalina-utility-2] -- Mapped "{[/member/email_check],methods=[GET],produces=[text/plain;charset=UTF-8]}" onto public org.springframework.http.ResponseEntity<java.lang.String> com.javateam.project.controller.MemberRestController.emailCheck(java.lang.String)
2022-06-04 23:07:14.715 [INFO ] [org.springframework.web.servlet.handler.AbstractHandlerMethodMapping$MappingRegistry] [Catalina-utility-2] -- Mapped "{[/member/phone_check],methods=[GET],produces=[text/plain;charset=UTF-8]}" onto public org.springframework.http.ResponseEntity<java.lang.String> com.javateam.project.controller.MemberRestController.phoneCheck(java.lang.String)
2022-06-04 23:07:14.715 [INFO ] [org.springframework.web.servlet.handler.AbstractHandlerMethodMapping$MappingRegistry] [Catalina-utility-2] -- Mapped "{[/member/id_check],methods=[GET],produces=[text/plain;charset=UTF-8]}" onto public org.springframework.http.ResponseEntity<java.lang.String> com.javateam.project.controller.MemberRestController.idCheck(java.lang.String)
2022-06-04 23:07:14.715 [INFO ] [org.springframework.web.servlet.handler.AbstractHandlerMethodMapping$MappingRegistry] [Catalina-utility-2] -- Mapped "{[/member/update_role],methods=[GET],produces=[text/plain;charset=UTF-8]}" onto public org.springframework.http.ResponseEntity<java.lang.String> com.javateam.project.controller.MemberRestController.updateRole(java.lang.String,java.lang.String)
2022-06-04 23:07:14.716 [INFO ] [org.springframework.web.servlet.handler.AbstractHandlerMethodMapping$MappingRegistry] [Catalina-utility-2] -- Mapped "{[/member/phone_update],methods=[GET],produces=[text/plain;charset=UTF-8]}" onto public org.springframework.http.ResponseEntity<java.lang.String> com.javateam.project.controller.MemberRestController.phoneUpdate(java.lang.String,java.lang.String)
2022-06-04 23:07:14.716 [INFO ] [org.springframework.web.servlet.handler.AbstractHandlerMethodMapping$MappingRegistry] [Catalina-utility-2] -- Mapped "{[/member/address2_update],methods=[GET],produces=[text/plain;charset=UTF-8]}" onto public org.springframework.http.ResponseEntity<java.lang.String> com.javateam.project.controller.MemberRestController.address2Update(java.lang.String,java.lang.String)
2022-06-04 23:07:14.716 [INFO ] [org.springframework.web.servlet.handler.AbstractHandlerMethodMapping$MappingRegistry] [Catalina-utility-2] -- Mapped "{[/member/member_view],methods=[GET],produces=[application/json;charset=UTF-8]}" onto public org.springframework.http.ResponseEntity<com.javateam.project.domain.MemberVO> com.javateam.project.controller.MemberRestController.memberView(java.lang.String)
2022-06-04 23:07:14.716 [INFO ] [org.springframework.web.servlet.handler.AbstractHandlerMethodMapping$MappingRegistry] [Catalina-utility-2] -- Mapped "{[/member/email_update],methods=[GET],produces=[text/plain;charset=UTF-8]}" onto public org.springframework.http.ResponseEntity<java.lang.String> com.javateam.project.controller.MemberRestController.emailUpdate(java.lang.String,java.lang.String)
2022-06-04 23:07:14.717 [INFO ] [org.springframework.web.servlet.handler.AbstractHandlerMethodMapping$MappingRegistry] [Catalina-utility-2] -- Mapped "{[/order/orderInsert]}" onto public java.lang.String com.javateam.project.controller.OrderController.orderInsert(int[],java.lang.String[],int[],int[],javax.servlet.http.HttpSession,org.springframework.ui.Model)
2022-06-04 23:07:14.717 [INFO ] [org.springframework.web.servlet.handler.AbstractHandlerMethodMapping$MappingRegistry] [Catalina-utility-2] -- Mapped "{[/order/orderList]}" onto public java.lang.String com.javateam.project.controller.OrderController.orderlist(int,javax.servlet.http.HttpSession,org.springframework.ui.Model)
2022-06-04 23:07:14.718 [INFO ] [org.springframework.web.servlet.handler.AbstractHandlerMethodMapping$MappingRegistry] [Catalina-utility-2] -- Mapped "{[/order/orderDetail],methods=[GET]}" onto public java.lang.String com.javateam.project.controller.OrderController.orderDetail(int,javax.servlet.http.HttpSession,org.springframework.ui.Model)
2022-06-04 23:07:14.718 [INFO ] [org.springframework.web.servlet.handler.AbstractHandlerMethodMapping$MappingRegistry] [Catalina-utility-2] -- Mapped "{[/order/orderAll],methods=[GET]}" onto public java.lang.String com.javateam.project.controller.OrderController.orderAll(javax.servlet.http.HttpSession,javax.servlet.http.HttpServletRequest)
2022-06-04 23:07:14.718 [INFO ] [org.springframework.web.servlet.handler.AbstractHandlerMethodMapping$MappingRegistry] [Catalina-utility-2] -- Mapped "{[/order/mypage]}" onto public java.lang.String com.javateam.project.controller.OrderController.mypage(javax.servlet.http.HttpSession,org.springframework.ui.Model)
2022-06-04 23:07:14.718 [INFO ] [org.springframework.web.servlet.handler.AbstractHandlerMethodMapping$MappingRegistry] [Catalina-utility-2] -- Mapped "{[/product/category]}" onto public java.lang.String com.javateam.project.controller.ProductKindController.category(int,org.springframework.ui.Model)
2022-06-04 23:07:14.719 [INFO ] [org.springframework.web.servlet.handler.AbstractHandlerMethodMapping$MappingRegistry] [Catalina-utility-2] -- Mapped "{[/product/product_detail]}" onto public java.lang.String com.javateam.project.controller.ProductKindController.productDetail(int,org.springframework.ui.Model)
2022-06-04 23:07:14.719 [INFO ] [org.springframework.web.servlet.handler.AbstractHandlerMethodMapping$MappingRegistry] [Catalina-utility-2] -- Mapped "{[/qna/qnaList]}" onto public java.lang.String com.javateam.project.controller.QnaController.qnaList(javax.servlet.http.HttpSession,org.springframework.ui.Model)
2022-06-04 23:07:14.719 [INFO ] [org.springframework.web.servlet.handler.AbstractHandlerMethodMapping$MappingRegistry] [Catalina-utility-2] -- Mapped "{[/qna/qnaView]}" onto public java.lang.String com.javateam.project.controller.QnaController.qnaView(int,org.springframework.ui.Model)
2022-06-04 23:07:14.720 [INFO ] [org.springframework.web.servlet.handler.AbstractHandlerMethodMapping$MappingRegistry] [Catalina-utility-2] -- Mapped "{[/qna/qnaWriteForm]}" onto public java.lang.String com.javateam.project.controller.QnaController.qnaWriteForm()
2022-06-04 23:07:14.720 [INFO ] [org.springframework.web.servlet.handler.AbstractHandlerMethodMapping$MappingRegistry] [Catalina-utility-2] -- Mapped "{[/qna/qnaWrite]}" onto public java.lang.String com.javateam.project.controller.QnaController.qnaWrite(com.javateam.project.domain.QnaVO,javax.servlet.http.HttpSession,org.springframework.ui.Model)
2022-06-04 23:07:14.720 [INFO ] [org.springframework.web.servlet.handler.AbstractHandlerMethodMapping$MappingRegistry] [Catalina-utility-2] -- Mapped "{[/demo]}" onto public java.lang.String com.javateam.project.controller.TestController.demo()
2022-06-04 23:07:14.720 [INFO ] [org.springframework.web.servlet.handler.AbstractHandlerMethodMapping$MappingRegistry] [Catalina-utility-2] -- Mapped "{[/bootstrap2]}" onto public java.lang.String com.javateam.project.controller.TestController.demo3()
2022-06-04 23:07:14.721 [INFO ] [org.springframework.web.servlet.handler.AbstractHandlerMethodMapping$MappingRegistry] [Catalina-utility-2] -- Mapped "{[/slide_div]}" onto public java.lang.String com.javateam.project.controller.TestController.slideDiv()
2022-06-04 23:07:14.721 [INFO ] [org.springframework.web.servlet.handler.AbstractHandlerMethodMapping$MappingRegistry] [Catalina-utility-2] -- Mapped "{[/slide_final]}" onto public java.lang.String com.javateam.project.controller.TestController.slideFinal()
2022-06-04 23:07:14.721 [INFO ] [org.springframework.web.servlet.handler.AbstractHandlerMethodMapping$MappingRegistry] [Catalina-utility-2] -- Mapped "{[/slide]}" onto public java.lang.String com.javateam.project.controller.TestController.slide()
2022-06-04 23:07:14.721 [INFO ] [org.springframework.web.servlet.handler.AbstractHandlerMethodMapping$MappingRegistry] [Catalina-utility-2] -- Mapped "{[/bootstrap]}" onto public java.lang.String com.javateam.project.controller.TestController.demo2()
2022-06-04 23:07:14.721 [INFO ] [org.springframework.web.servlet.handler.AbstractHandlerMethodMapping$MappingRegistry] [Catalina-utility-2] -- Mapped "{[/slide2]}" onto public java.lang.String com.javateam.project.controller.TestController.slide2()
2022-06-04 23:07:14.826 [INFO ] [org.hibernate.validator.internal.util.Version] [Catalina-utility-2] -- HV000001: Hibernate Validator 6.2.0.Final
2022-06-04 23:07:16.059 [INFO ] [org.springframework.web.servlet.mvc.method.annotation.RequestMappingHandlerAdapter] [Catalina-utility-2] -- Looking for @ControllerAdvice: WebApplicationContext for namespace 'appServlet-servlet': startup date [Sat Jun 04 23:07:14 KST 2022]; parent: Root WebApplicationContext
2022-06-04 23:07:16.159 [INFO ] [org.springframework.web.servlet.mvc.method.annotation.RequestMappingHandlerAdapter] [Catalina-utility-2] -- Looking for @ControllerAdvice: WebApplicationContext for namespace 'appServlet-servlet': startup date [Sat Jun 04 23:07:14 KST 2022]; parent: Root WebApplicationContext
2022-06-04 23:07:16.257 [INFO ] [org.springframework.web.servlet.handler.AbstractUrlHandlerMapping] [Catalina-utility-2] -- Mapped URL path [/resources/**] onto handler 'org.springframework.web.servlet.resource.ResourceHttpRequestHandler#0'
2022-06-04 23:07:16.258 [INFO ] [org.springframework.web.servlet.handler.AbstractUrlHandlerMapping] [Catalina-utility-2] -- Mapped URL path [/css/**] onto handler 'org.springframework.web.servlet.resource.ResourceHttpRequestHandler#1'
2022-06-04 23:07:16.259 [INFO ] [org.springframework.web.servlet.handler.AbstractUrlHandlerMapping] [Catalina-utility-2] -- Mapped URL path [/js/**] onto handler 'org.springframework.web.servlet.resource.ResourceHttpRequestHandler#2'
2022-06-04 23:07:16.260 [INFO ] [org.springframework.web.servlet.handler.AbstractUrlHandlerMapping] [Catalina-utility-2] -- Mapped URL path [/img/**] onto handler 'org.springframework.web.servlet.resource.ResourceHttpRequestHandler#3'
2022-06-04 23:07:16.261 [INFO ] [org.springframework.web.servlet.handler.AbstractUrlHandlerMapping] [Catalina-utility-2] -- Mapped URL path [/webjars/**] onto handler 'org.springframework.web.servlet.resource.ResourceHttpRequestHandler#4'
2022-06-04 23:07:16.262 [INFO ] [org.springframework.web.servlet.handler.AbstractUrlHandlerMapping] [Catalina-utility-2] -- Mapped URL path [/bootstrap/**] onto handler 'org.springframework.web.servlet.resource.ResourceHttpRequestHandler#5'
2022-06-04 23:07:16.264 [INFO ] [org.springframework.web.servlet.handler.AbstractUrlHandlerMapping] [Catalina-utility-2] -- Mapped URL path [/bootstrap4/**] onto handler 'org.springframework.web.servlet.resource.ResourceHttpRequestHandler#6'
2022-06-04 23:07:16.265 [INFO ] [org.springframework.web.servlet.handler.AbstractUrlHandlerMapping] [Catalina-utility-2] -- Mapped URL path [/jquery/**] onto handler 'org.springframework.web.servlet.resource.ResourceHttpRequestHandler#7'
2022-06-04 23:07:16.267 [INFO ] [org.springframework.web.servlet.handler.AbstractUrlHandlerMapping] [Catalina-utility-2] -- Mapped URL path [/popper/**] onto handler 'org.springframework.web.servlet.resource.ResourceHttpRequestHandler#8'
2022-06-04 23:07:16.268 [INFO ] [org.springframework.web.servlet.handler.AbstractUrlHandlerMapping] [Catalina-utility-2] -- Mapped URL path [/product_images/**] onto handler 'org.springframework.web.servlet.resource.ResourceHttpRequestHandler#9'
2022-06-04 23:07:16.387 [INFO ] [org.springframework.web.servlet.FrameworkServlet] [Catalina-utility-2] -- FrameworkServlet 'appServlet': initialization completed in 2317 ms
2022-06-04 23:07:41.605 [INFO ] [org.springframework.context.support.AbstractApplicationContext] [Catalina-utility-1] -- Closing WebApplicationContext for namespace 'appServlet-servlet': startup date [Sat Jun 04 23:07:14 KST 2022]; parent: Root WebApplicationContext
2022-06-04 23:07:41.609 [INFO ] [org.springframework.context.support.AbstractApplicationContext] [Catalina-utility-1] -- Closing Root WebApplicationContext: startup date [Sat Jun 04 23:07:11 KST 2022]; root of context hierarchy
2022-06-04 23:07:41.610 [INFO ] [com.zaxxer.hikari.HikariDataSource] [Catalina-utility-1] -- HikariPool-9 - Shutdown initiated...
2022-06-04 23:07:41.611 [INFO ] [net.sf.log4jdbc.log.slf4j.Slf4jSpyLogDelegator] [HikariPool-9 connection closer] -- 1. Connection closed
2022-06-04 23:07:41.612 [INFO ] [net.sf.log4jdbc.log.slf4j.Slf4jSpyLogDelegator] [HikariPool-9 connection closer] -- 1. Connection.close() returned 
2022-06-04 23:07:41.612 [INFO ] [net.sf.log4jdbc.log.slf4j.Slf4jSpyLogDelegator] [HikariPool-9 connection closer] -- 2. Connection closed
2022-06-04 23:07:41.612 [INFO ] [net.sf.log4jdbc.log.slf4j.Slf4jSpyLogDelegator] [HikariPool-9 connection closer] -- 2. Connection.close() returned 
2022-06-04 23:07:41.613 [INFO ] [net.sf.log4jdbc.log.slf4j.Slf4jSpyLogDelegator] [HikariPool-9 connection closer] -- 3. Connection closed
2022-06-04 23:07:41.613 [INFO ] [net.sf.log4jdbc.log.slf4j.Slf4jSpyLogDelegator] [HikariPool-9 connection closer] -- 3. Connection.close() returned 
2022-06-04 23:07:41.614 [INFO ] [net.sf.log4jdbc.log.slf4j.Slf4jSpyLogDelegator] [HikariPool-9 connection closer] -- 4. Connection closed
2022-06-04 23:07:41.614 [INFO ] [net.sf.log4jdbc.log.slf4j.Slf4jSpyLogDelegator] [HikariPool-9 connection closer] -- 4. Connection.close() returned 
2022-06-04 23:07:41.614 [INFO ] [net.sf.log4jdbc.log.slf4j.Slf4jSpyLogDelegator] [HikariPool-9 connection closer] -- 5. Connection closed
2022-06-04 23:07:41.615 [INFO ] [net.sf.log4jdbc.log.slf4j.Slf4jSpyLogDelegator] [HikariPool-9 connection closer] -- 5. Connection.close() returned 
2022-06-04 23:07:41.615 [INFO ] [net.sf.log4jdbc.log.slf4j.Slf4jSpyLogDelegator] [HikariPool-9 connection closer] -- 6. Connection closed
2022-06-04 23:07:41.615 [INFO ] [net.sf.log4jdbc.log.slf4j.Slf4jSpyLogDelegator] [HikariPool-9 connection closer] -- 6. Connection.close() returned 
2022-06-04 23:07:41.616 [INFO ] [net.sf.log4jdbc.log.slf4j.Slf4jSpyLogDelegator] [HikariPool-9 connection closer] -- 7. Connection closed
2022-06-04 23:07:41.617 [INFO ] [net.sf.log4jdbc.log.slf4j.Slf4jSpyLogDelegator] [HikariPool-9 connection closer] -- 7. Connection.close() returned 
2022-06-04 23:07:41.617 [INFO ] [net.sf.log4jdbc.log.slf4j.Slf4jSpyLogDelegator] [HikariPool-9 connection closer] -- 8. Connection closed
2022-06-04 23:07:41.617 [INFO ] [net.sf.log4jdbc.log.slf4j.Slf4jSpyLogDelegator] [HikariPool-9 connection closer] -- 8. Connection.close() returned 
2022-06-04 23:07:41.618 [INFO ] [net.sf.log4jdbc.log.slf4j.Slf4jSpyLogDelegator] [HikariPool-9 connection closer] -- 9. Connection closed
2022-06-04 23:07:41.618 [INFO ] [net.sf.log4jdbc.log.slf4j.Slf4jSpyLogDelegator] [HikariPool-9 connection closer] -- 9. Connection.close() returned 
2022-06-04 23:07:41.619 [INFO ] [net.sf.log4jdbc.log.slf4j.Slf4jSpyLogDelegator] [HikariPool-9 connection closer] -- 10. Connection closed
2022-06-04 23:07:41.619 [INFO ] [net.sf.log4jdbc.log.slf4j.Slf4jSpyLogDelegator] [HikariPool-9 connection closer] -- 10. Connection.close() returned 
2022-06-04 23:07:41.620 [INFO ] [com.zaxxer.hikari.HikariDataSource] [Catalina-utility-1] -- HikariPool-9 - Shutdown completed.
2022-06-04 23:07:49.119 [INFO ] [org.springframework.web.context.ContextLoader] [Catalina-utility-1] -- Root WebApplicationContext: initialization started
2022-06-04 23:07:49.264 [INFO ] [org.springframework.context.support.AbstractApplicationContext] [Catalina-utility-1] -- Refreshing Root WebApplicationContext: startup date [Sat Jun 04 23:07:49 KST 2022]; root of context hierarchy
2022-06-04 23:07:49.420 [INFO ] [org.springframework.beans.factory.xml.XmlBeanDefinitionReader] [Catalina-utility-1] -- Loading XML bean definitions from file [C:\develop\work_space\project\.metadata\.plugins\org.eclipse.wst.server.core\tmp0\wtpwebapps\mall_project\WEB-INF\classes\spring\db-context.xml]
2022-06-04 23:07:49.847 [INFO ] [org.springframework.beans.factory.xml.XmlBeanDefinitionReader] [Catalina-utility-1] -- Loading XML bean definitions from file [C:\develop\work_space\project\.metadata\.plugins\org.eclipse.wst.server.core\tmp0\wtpwebapps\mall_project\WEB-INF\classes\spring\fileUpload-context.xml]
2022-06-04 23:07:50.235 [INFO ] [org.springframework.beans.factory.annotation.AutowiredAnnotationBeanPostProcessor] [Catalina-utility-1] -- JSR-330 'javax.inject.Inject' annotation found and supported for autowiring
2022-06-04 23:07:50.688 [INFO ] [com.zaxxer.hikari.HikariDataSource] [Catalina-utility-1] -- HikariPool-10 - Starting...
2022-06-04 23:07:51.165 [INFO ] [net.sf.log4jdbc.log.slf4j.Slf4jSpyLogDelegator] [Catalina-utility-1] -- 1. Connection opened
2022-06-04 23:07:51.165 [INFO ] [net.sf.log4jdbc.log.slf4j.Slf4jSpyLogDelegator] [Catalina-utility-1] -- 1. Connection.new Connection returned 
2022-06-04 23:07:51.165 [INFO ] [com.zaxxer.hikari.pool.PoolBase] [Catalina-utility-1] -- HikariPool-10 - Driver does not support get/set network timeout for connections. (net.sf.log4jdbc.sql.jdbcapi.ConnectionSpy.getNetworkTimeout()I)
2022-06-04 23:07:51.165 [INFO ] [net.sf.log4jdbc.log.slf4j.Slf4jSpyLogDelegator] [Catalina-utility-1] -- 1. Connection.isReadOnly() returned false
2022-06-04 23:07:51.165 [INFO ] [net.sf.log4jdbc.log.slf4j.Slf4jSpyLogDelegator] [Catalina-utility-1] -- 1. Connection.getAutoCommit() returned true
2022-06-04 23:07:51.166 [INFO ] [net.sf.log4jdbc.log.slf4j.Slf4jSpyLogDelegator] [Catalina-utility-1] -- 1. Connection.isValid(1) returned true
2022-06-04 23:07:51.167 [INFO ] [net.sf.log4jdbc.log.slf4j.Slf4jSpyLogDelegator] [Catalina-utility-1] -- 1. Connection.getTransactionIsolation() returned 2
2022-06-04 23:07:51.172 [INFO ] [com.zaxxer.hikari.HikariDataSource] [Catalina-utility-1] -- HikariPool-10 - Start completed.
2022-06-04 23:07:51.304 [INFO ] [net.sf.log4jdbc.log.slf4j.Slf4jSpyLogDelegator] [HikariPool-10 connection adder] -- 2. Connection opened
2022-06-04 23:07:51.305 [INFO ] [net.sf.log4jdbc.log.slf4j.Slf4jSpyLogDelegator] [HikariPool-10 connection adder] -- 2. Connection.new Connection returned 
2022-06-04 23:07:51.305 [INFO ] [net.sf.log4jdbc.log.slf4j.Slf4jSpyLogDelegator] [HikariPool-10 connection adder] -- 2. Connection.isReadOnly() returned false
2022-06-04 23:07:51.305 [INFO ] [net.sf.log4jdbc.log.slf4j.Slf4jSpyLogDelegator] [HikariPool-10 connection adder] -- 2. Connection.getAutoCommit() returned true
2022-06-04 23:07:51.332 [INFO ] [net.sf.log4jdbc.log.slf4j.Slf4jSpyLogDelegator] [HikariPool-10 connection adder] -- 3. Connection opened
2022-06-04 23:07:51.332 [INFO ] [net.sf.log4jdbc.log.slf4j.Slf4jSpyLogDelegator] [HikariPool-10 connection adder] -- 3. Connection.new Connection returned 
2022-06-04 23:07:51.333 [INFO ] [net.sf.log4jdbc.log.slf4j.Slf4jSpyLogDelegator] [HikariPool-10 connection adder] -- 3. Connection.isReadOnly() returned false
2022-06-04 23:07:51.333 [INFO ] [net.sf.log4jdbc.log.slf4j.Slf4jSpyLogDelegator] [HikariPool-10 connection adder] -- 3. Connection.getAutoCommit() returned true
2022-06-04 23:07:51.365 [INFO ] [net.sf.log4jdbc.log.slf4j.Slf4jSpyLogDelegator] [HikariPool-10 connection adder] -- 4. Connection opened
2022-06-04 23:07:51.366 [INFO ] [net.sf.log4jdbc.log.slf4j.Slf4jSpyLogDelegator] [HikariPool-10 connection adder] -- 4. Connection.new Connection returned 
2022-06-04 23:07:51.366 [INFO ] [net.sf.log4jdbc.log.slf4j.Slf4jSpyLogDelegator] [HikariPool-10 connection adder] -- 4. Connection.isReadOnly() returned false
2022-06-04 23:07:51.366 [INFO ] [net.sf.log4jdbc.log.slf4j.Slf4jSpyLogDelegator] [HikariPool-10 connection adder] -- 4. Connection.getAutoCommit() returned true
2022-06-04 23:07:51.391 [INFO ] [net.sf.log4jdbc.log.slf4j.Slf4jSpyLogDelegator] [HikariPool-10 connection adder] -- 5. Connection opened
2022-06-04 23:07:51.391 [INFO ] [net.sf.log4jdbc.log.slf4j.Slf4jSpyLogDelegator] [HikariPool-10 connection adder] -- 5. Connection.new Connection returned 
2022-06-04 23:07:51.391 [INFO ] [net.sf.log4jdbc.log.slf4j.Slf4jSpyLogDelegator] [HikariPool-10 connection adder] -- 5. Connection.isReadOnly() returned false
2022-06-04 23:07:51.392 [INFO ] [net.sf.log4jdbc.log.slf4j.Slf4jSpyLogDelegator] [HikariPool-10 connection adder] -- 5. Connection.getAutoCommit() returned true
2022-06-04 23:07:51.417 [INFO ] [net.sf.log4jdbc.log.slf4j.Slf4jSpyLogDelegator] [HikariPool-10 connection adder] -- 6. Connection opened
2022-06-04 23:07:51.418 [INFO ] [net.sf.log4jdbc.log.slf4j.Slf4jSpyLogDelegator] [HikariPool-10 connection adder] -- 6. Connection.new Connection returned 
2022-06-04 23:07:51.421 [INFO ] [net.sf.log4jdbc.log.slf4j.Slf4jSpyLogDelegator] [HikariPool-10 connection adder] -- 6. Connection.isReadOnly() returned false
2022-06-04 23:07:51.421 [INFO ] [net.sf.log4jdbc.log.slf4j.Slf4jSpyLogDelegator] [HikariPool-10 connection adder] -- 6. Connection.getAutoCommit() returned true
2022-06-04 23:07:51.447 [INFO ] [net.sf.log4jdbc.log.slf4j.Slf4jSpyLogDelegator] [HikariPool-10 connection adder] -- 7. Connection opened
2022-06-04 23:07:51.447 [INFO ] [net.sf.log4jdbc.log.slf4j.Slf4jSpyLogDelegator] [HikariPool-10 connection adder] -- 7. Connection.new Connection returned 
2022-06-04 23:07:51.447 [INFO ] [net.sf.log4jdbc.log.slf4j.Slf4jSpyLogDelegator] [HikariPool-10 connection adder] -- 7. Connection.isReadOnly() returned false
2022-06-04 23:07:51.447 [INFO ] [net.sf.log4jdbc.log.slf4j.Slf4jSpyLogDelegator] [HikariPool-10 connection adder] -- 7. Connection.getAutoCommit() returned true
2022-06-04 23:07:51.474 [INFO ] [net.sf.log4jdbc.log.slf4j.Slf4jSpyLogDelegator] [HikariPool-10 connection adder] -- 8. Connection opened
2022-06-04 23:07:51.474 [INFO ] [net.sf.log4jdbc.log.slf4j.Slf4jSpyLogDelegator] [HikariPool-10 connection adder] -- 8. Connection.new Connection returned 
2022-06-04 23:07:51.474 [INFO ] [net.sf.log4jdbc.log.slf4j.Slf4jSpyLogDelegator] [HikariPool-10 connection adder] -- 8. Connection.isReadOnly() returned false
2022-06-04 23:07:51.474 [INFO ] [net.sf.log4jdbc.log.slf4j.Slf4jSpyLogDelegator] [HikariPool-10 connection adder] -- 8. Connection.getAutoCommit() returned true
2022-06-04 23:07:51.498 [INFO ] [net.sf.log4jdbc.log.slf4j.Slf4jSpyLogDelegator] [HikariPool-10 connection adder] -- 9. Connection opened
2022-06-04 23:07:51.498 [INFO ] [net.sf.log4jdbc.log.slf4j.Slf4jSpyLogDelegator] [HikariPool-10 connection adder] -- 9. Connection.new Connection returned 
2022-06-04 23:07:51.498 [INFO ] [net.sf.log4jdbc.log.slf4j.Slf4jSpyLogDelegator] [HikariPool-10 connection adder] -- 9. Connection.isReadOnly() returned false
2022-06-04 23:07:51.498 [INFO ] [net.sf.log4jdbc.log.slf4j.Slf4jSpyLogDelegator] [HikariPool-10 connection adder] -- 9. Connection.getAutoCommit() returned true
2022-06-04 23:07:51.524 [INFO ] [net.sf.log4jdbc.log.slf4j.Slf4jSpyLogDelegator] [HikariPool-10 connection adder] -- 10. Connection opened
2022-06-04 23:07:51.525 [INFO ] [net.sf.log4jdbc.log.slf4j.Slf4jSpyLogDelegator] [HikariPool-10 connection adder] -- 10. Connection.new Connection returned 
2022-06-04 23:07:51.525 [INFO ] [net.sf.log4jdbc.log.slf4j.Slf4jSpyLogDelegator] [HikariPool-10 connection adder] -- 10. Connection.isReadOnly() returned false
2022-06-04 23:07:51.525 [INFO ] [net.sf.log4jdbc.log.slf4j.Slf4jSpyLogDelegator] [HikariPool-10 connection adder] -- 10. Connection.getAutoCommit() returned true
2022-06-04 23:07:52.188 [INFO ] [org.springframework.web.context.ContextLoader] [Catalina-utility-1] -- Root WebApplicationContext: initialization completed in 3055 ms
2022-06-04 23:07:52.283 [INFO ] [org.springframework.web.servlet.FrameworkServlet] [Catalina-utility-1] -- FrameworkServlet 'appServlet': initialization started
2022-06-04 23:07:52.288 [INFO ] [org.springframework.context.support.AbstractApplicationContext] [Catalina-utility-1] -- Refreshing WebApplicationContext for namespace 'appServlet-servlet': startup date [Sat Jun 04 23:07:52 KST 2022]; parent: Root WebApplicationContext
2022-06-04 23:07:52.288 [INFO ] [org.springframework.beans.factory.xml.XmlBeanDefinitionReader] [Catalina-utility-1] -- Loading XML bean definitions from ServletContext resource [/WEB-INF/spring/appServlet/servlet-context.xml]
2022-06-04 23:07:52.567 [INFO ] [org.springframework.beans.factory.annotation.AutowiredAnnotationBeanPostProcessor] [Catalina-utility-1] -- JSR-330 'javax.inject.Inject' annotation found and supported for autowiring
2022-06-04 23:07:52.918 [INFO ] [org.springframework.web.servlet.handler.AbstractHandlerMethodMapping$MappingRegistry] [Catalina-utility-1] -- Mapped "{[/admin/home]}" onto public java.lang.String com.javateam.project.controller.AdminController.home()
2022-06-04 23:07:52.920 [INFO ] [org.springframework.web.servlet.handler.AbstractHandlerMethodMapping$MappingRegistry] [Catalina-utility-1] -- Mapped "{[/admin/product/productUpdateProc],methods=[POST]}" onto public java.lang.String com.javateam.project.controller.AdminController.productUpdateProc(com.javateam.project.domain.ProductDTO,javax.servlet.http.HttpSession,org.springframework.ui.Model)
2022-06-04 23:07:52.921 [INFO ] [org.springframework.web.servlet.handler.AbstractHandlerMethodMapping$MappingRegistry] [Catalina-utility-1] -- Mapped "{[/admin/product/searchProductList],methods=[GET]}" onto public java.lang.String com.javateam.project.controller.AdminController.searchProductList(int,int,java.lang.String,java.lang.String,java.lang.String,org.springframework.ui.Model)
2022-06-04 23:07:52.921 [INFO ] [org.springframework.web.servlet.handler.AbstractHandlerMethodMapping$MappingRegistry] [Catalina-utility-1] -- Mapped "{[/admin/product/productRegistProc],methods=[POST]}" onto public java.lang.String com.javateam.project.controller.AdminController.productRegistProc(com.javateam.project.domain.ProductDTO,org.springframework.ui.Model)
2022-06-04 23:07:52.921 [INFO ] [org.springframework.web.servlet.handler.AbstractHandlerMethodMapping$MappingRegistry] [Catalina-utility-1] -- Mapped "{[/admin/product/productRegist],methods=[GET]}" onto public java.lang.String com.javateam.project.controller.AdminController.productRegist(org.springframework.ui.Model)
2022-06-04 23:07:52.922 [INFO ] [org.springframework.web.servlet.handler.AbstractHandlerMethodMapping$MappingRegistry] [Catalina-utility-1] -- Mapped "{[/admin/product/productDetail],methods=[GET]}" onto public java.lang.String com.javateam.project.controller.AdminController.productDetail(int,int,org.springframework.ui.Model)
2022-06-04 23:07:52.922 [INFO ] [org.springframework.web.servlet.handler.AbstractHandlerMethodMapping$MappingRegistry] [Catalina-utility-1] -- Mapped "{[/admin/member/memberList]}" onto public java.lang.String com.javateam.project.controller.AdminController.memberList(int,int,org.springframework.ui.Model)
2022-06-04 23:07:52.922 [INFO ] [org.springframework.web.servlet.handler.AbstractHandlerMethodMapping$MappingRegistry] [Catalina-utility-1] -- Mapped "{[/admin/member/searchMemberList]}" onto public java.lang.String com.javateam.project.controller.AdminController.searchMemberList(int,int,java.lang.String,java.lang.String,org.springframework.ui.Model)
2022-06-04 23:07:52.922 [INFO ] [org.springframework.web.servlet.handler.AbstractHandlerMethodMapping$MappingRegistry] [Catalina-utility-1] -- Mapped "{[/admin/product/productList],methods=[GET]}" onto public java.lang.String com.javateam.project.controller.AdminController.productList(int,int,org.springframework.ui.Model)
2022-06-04 23:07:52.923 [INFO ] [org.springframework.web.servlet.handler.AbstractHandlerMethodMapping$MappingRegistry] [Catalina-utility-1] -- Mapped "{[/admin/product/productUpdate],methods=[GET]}" onto public java.lang.String com.javateam.project.controller.AdminController.productUpdate(int,javax.servlet.http.HttpSession,org.springframework.ui.Model)
2022-06-04 23:07:52.923 [INFO ] [org.springframework.web.servlet.handler.AbstractHandlerMethodMapping$MappingRegistry] [Catalina-utility-1] -- Mapped "{[/admin/order/orderList]}" onto public java.lang.String com.javateam.project.controller.AdminOrderController.orderList(java.lang.String,org.springframework.ui.Model)
2022-06-04 23:07:52.923 [INFO ] [org.springframework.web.servlet.handler.AbstractHandlerMethodMapping$MappingRegistry] [Catalina-utility-1] -- Mapped "{[/admin/order/orderSave]}" onto public java.lang.String com.javateam.project.controller.AdminOrderController.orderSave(int[])
2022-06-04 23:07:52.927 [INFO ] [org.springframework.web.servlet.handler.AbstractHandlerMethodMapping$MappingRegistry] [Catalina-utility-1] -- Mapped "{[/admin/product/updateUseYN],methods=[GET],produces=[text/plain;charset=UTF-8]}" onto public org.springframework.http.ResponseEntity<java.lang.String> com.javateam.project.controller.AdminProductRestController.updateUseYN(int,java.lang.String)
2022-06-04 23:07:52.928 [INFO ] [org.springframework.web.servlet.handler.AbstractHandlerMethodMapping$MappingRegistry] [Catalina-utility-1] -- Mapped "{[/admin/product/updateBestYN],methods=[GET],produces=[text/plain;charset=UTF-8]}" onto public org.springframework.http.ResponseEntity<java.lang.String> com.javateam.project.controller.AdminProductRestController.updateBestYN(int,java.lang.String)
2022-06-04 23:07:52.928 [INFO ] [org.springframework.web.servlet.handler.AbstractHandlerMethodMapping$MappingRegistry] [Catalina-utility-1] -- Mapped "{[/admin/qna/qnaDetailForm]}" onto public java.lang.String com.javateam.project.controller.AdminQnaController.qnaDetail(int,org.springframework.ui.Model)
2022-06-04 23:07:52.928 [INFO ] [org.springframework.web.servlet.handler.AbstractHandlerMethodMapping$MappingRegistry] [Catalina-utility-1] -- Mapped "{[/admin/qna/qnaList]}" onto public java.lang.String com.javateam.project.controller.AdminQnaController.qnaList(int,int,org.springframework.ui.Model)
2022-06-04 23:07:52.929 [INFO ] [org.springframework.web.servlet.handler.AbstractHandlerMethodMapping$MappingRegistry] [Catalina-utility-1] -- Mapped "{[/admin/qna/qnaRepsave]}" onto public java.lang.String com.javateam.project.controller.AdminQnaController.qnaRepsave(int,java.lang.String,org.springframework.ui.Model)
2022-06-04 23:07:52.930 [INFO ] [org.springframework.web.servlet.handler.AbstractHandlerMethodMapping$MappingRegistry] [Catalina-utility-1] -- Mapped "{[/cart/cartList],methods=[GET]}" onto public java.lang.String com.javateam.project.controller.CartController.cartList(javax.servlet.http.HttpSession,org.springframework.ui.Model)
2022-06-04 23:07:52.930 [INFO ] [org.springframework.web.servlet.handler.AbstractHandlerMethodMapping$MappingRegistry] [Catalina-utility-1] -- Mapped "{[/cart/cartUpdate]}" onto public java.lang.String com.javateam.project.controller.CartController.cartUpdate(int[],int[],int[],javax.servlet.http.HttpSession,org.springframework.ui.Model)
2022-06-04 23:07:52.930 [INFO ] [org.springframework.web.servlet.handler.AbstractHandlerMethodMapping$MappingRegistry] [Catalina-utility-1] -- Mapped "{[/cart/cartDelete]}" onto public java.lang.String com.javateam.project.controller.CartController.cartDelete(int[],org.springframework.ui.Model)
2022-06-04 23:07:52.930 [INFO ] [org.springframework.web.servlet.handler.AbstractHandlerMethodMapping$MappingRegistry] [Catalina-utility-1] -- Mapped "{[/cart/cartInsert]}" onto public java.lang.String com.javateam.project.controller.CartController.cartInsert(int,int,javax.servlet.http.HttpSession,org.springframework.ui.Model)
2022-06-04 23:07:52.931 [INFO ] [org.springframework.web.servlet.handler.AbstractHandlerMethodMapping$MappingRegistry] [Catalina-utility-1] -- Mapped "{[/index]}" onto public java.lang.String com.javateam.project.controller.HomeController.index(javax.servlet.http.HttpServletRequest,org.springframework.ui.Model)
2022-06-04 23:07:52.931 [INFO ] [org.springframework.web.servlet.handler.AbstractHandlerMethodMapping$MappingRegistry] [Catalina-utility-1] -- Mapped "{[/]}" onto public java.lang.String com.javateam.project.controller.HomeController.home()
2022-06-04 23:07:52.933 [INFO ] [org.springframework.web.servlet.handler.AbstractHandlerMethodMapping$MappingRegistry] [Catalina-utility-1] -- Mapped "{[/login/logout],methods=[GET]}" onto public java.lang.String com.javateam.project.controller.LoginController.logout(javax.servlet.http.HttpSession)
2022-06-04 23:07:52.933 [INFO ] [org.springframework.web.servlet.handler.AbstractHandlerMethodMapping$MappingRegistry] [Catalina-utility-1] -- Mapped "{[/login/login_proc],methods=[POST]}" onto public java.lang.String com.javateam.project.controller.LoginController.loginProc(java.lang.String,java.lang.String,org.springframework.ui.Model,javax.servlet.http.HttpSession,org.springframework.web.servlet.mvc.support.RedirectAttributes)
2022-06-04 23:07:52.934 [INFO ] [org.springframework.web.servlet.handler.AbstractHandlerMethodMapping$MappingRegistry] [Catalina-utility-1] -- Mapped "{[/login/login_form]}" onto public org.springframework.web.servlet.ModelAndView com.javateam.project.controller.LoginController.loginForm()
2022-06-04 23:07:52.938 [INFO ] [org.springframework.web.servlet.handler.AbstractHandlerMethodMapping$MappingRegistry] [Catalina-utility-1] -- Mapped "{[/member/checkInactiveMember],methods=[GET]}" onto public java.lang.String com.javateam.project.controller.MemberController.checkInActiveMember()
2022-06-04 23:07:52.939 [INFO ] [org.springframework.web.servlet.handler.AbstractHandlerMethodMapping$MappingRegistry] [Catalina-utility-1] -- Mapped "{[/member/check_inactive_member_proc],methods=[POST]}" onto public java.lang.String com.javateam.project.controller.MemberController.checkInactiveMemberProc(com.javateam.project.domain.MemberVO,org.springframework.ui.Model)
