2022-06-04 23:03:31.220 [INFO ] [org.springframework.web.servlet.handler.AbstractHandlerMethodMapping$MappingRegistry] [Catalina-utility-2] -- Mapped "{[/order/orderAll],methods=[GET]}" onto public java.lang.String com.javateam.project.controller.OrderController.orderAll(javax.servlet.http.HttpSession,javax.servlet.http.HttpServletRequest)
2022-06-04 23:03:31.240 [INFO ] [org.springframework.web.servlet.handler.AbstractHandlerMethodMapping$MappingRegistry] [Catalina-utility-2] -- Mapped "{[/order/mypage]}" onto public java.lang.String com.javateam.project.controller.OrderController.mypage(javax.servlet.http.HttpSession,org.springframework.ui.Model)
2022-06-04 23:03:31.241 [INFO ] [org.springframework.web.servlet.handler.AbstractHandlerMethodMapping$MappingRegistry] [Catalina-utility-2] -- Mapped "{[/product/category]}" onto public java.lang.String com.javateam.project.controller.ProductKindController.category(int,org.springframework.ui.Model)
2022-06-04 23:03:31.241 [INFO ] [org.springframework.web.servlet.handler.AbstractHandlerMethodMapping$MappingRegistry] [Catalina-utility-2] -- Mapped "{[/product/product_detail]}" onto public java.lang.String com.javateam.project.controller.ProductKindController.productDetail(int,org.springframework.ui.Model)
2022-06-04 23:03:31.242 [INFO ] [org.springframework.web.servlet.handler.AbstractHandlerMethodMapping$MappingRegistry] [Catalina-utility-2] -- Mapped "{[/qna/qnaList]}" onto public java.lang.String com.javateam.project.controller.QnaController.qnaList(javax.servlet.http.HttpSession,org.springframework.ui.Model)
2022-06-04 23:03:31.242 [INFO ] [org.springframework.web.servlet.handler.AbstractHandlerMethodMapping$MappingRegistry] [Catalina-utility-2] -- Mapped "{[/qna/qnaView]}" onto public java.lang.String com.javateam.project.controller.QnaController.qnaView(int,org.springframework.ui.Model)
2022-06-04 23:03:31.242 [INFO ] [org.springframework.web.servlet.handler.AbstractHandlerMethodMapping$MappingRegistry] [Catalina-utility-2] -- Mapped "{[/qna/qnaWriteForm]}" onto public java.lang.String com.javateam.project.controller.QnaController.qnaWriteForm()
2022-06-04 23:03:31.242 [INFO ] [org.springframework.web.servlet.handler.AbstractHandlerMethodMapping$MappingRegistry] [Catalina-utility-2] -- Mapped "{[/qna/qnaWrite]}" onto public java.lang.String com.javateam.project.controller.QnaController.qnaWrite(com.javateam.project.domain.QnaVO,javax.servlet.http.HttpSession,org.springframework.ui.Model)
2022-06-04 23:03:31.243 [INFO ] [org.springframework.web.servlet.handler.AbstractHandlerMethodMapping$MappingRegistry] [Catalina-utility-2] -- Mapped "{[/demo]}" onto public java.lang.String com.javateam.project.controller.TestController.demo()
2022-06-04 23:03:31.243 [INFO ] [org.springframework.web.servlet.handler.AbstractHandlerMethodMapping$MappingRegistry] [Catalina-utility-2] -- Mapped "{[/bootstrap2]}" onto public java.lang.String com.javateam.project.controller.TestController.demo3()
2022-06-04 23:03:31.243 [INFO ] [org.springframework.web.servlet.handler.AbstractHandlerMethodMapping$MappingRegistry] [Catalina-utility-2] -- Mapped "{[/slide_div]}" onto public java.lang.String com.javateam.project.controller.TestController.slideDiv()
2022-06-04 23:03:31.243 [INFO ] [org.springframework.web.servlet.handler.AbstractHandlerMethodMapping$MappingRegistry] [Catalina-utility-2] -- Mapped "{[/slide_final]}" onto public java.lang.String com.javateam.project.controller.TestController.slideFinal()
2022-06-04 23:03:31.243 [INFO ] [org.springframework.web.servlet.handler.AbstractHandlerMethodMapping$MappingRegistry] [Catalina-utility-2] -- Mapped "{[/slide]}" onto public java.lang.String com.javateam.project.controller.TestController.slide()
2022-06-04 23:03:31.244 [INFO ] [org.springframework.web.servlet.handler.AbstractHandlerMethodMapping$MappingRegistry] [Catalina-utility-2] -- Mapped "{[/bootstrap]}" onto public java.lang.String com.javateam.project.controller.TestController.demo2()
2022-06-04 23:03:31.244 [INFO ] [org.springframework.web.servlet.handler.AbstractHandlerMethodMapping$MappingRegistry] [Catalina-utility-2] -- Mapped "{[/slide2]}" onto public java.lang.String com.javateam.project.controller.TestController.slide2()
2022-06-04 23:03:31.350 [INFO ] [org.hibernate.validator.internal.util.Version] [Catalina-utility-2] -- HV000001: Hibernate Validator 6.2.0.Final
2022-06-04 23:03:32.513 [INFO ] [org.springframework.web.servlet.mvc.method.annotation.RequestMappingHandlerAdapter] [Catalina-utility-2] -- Looking for @ControllerAdvice: WebApplicationContext for namespace 'appServlet-servlet': startup date [Sat Jun 04 23:03:30 KST 2022]; parent: Root WebApplicationContext
2022-06-04 23:03:32.615 [INFO ] [org.springframework.web.servlet.mvc.method.annotation.RequestMappingHandlerAdapter] [Catalina-utility-2] -- Looking for @ControllerAdvice: WebApplicationContext for namespace 'appServlet-servlet': startup date [Sat Jun 04 23:03:30 KST 2022]; parent: Root WebApplicationContext
2022-06-04 23:03:32.711 [INFO ] [org.springframework.web.servlet.handler.AbstractUrlHandlerMapping] [Catalina-utility-2] -- Mapped URL path [/resources/**] onto handler 'org.springframework.web.servlet.resource.ResourceHttpRequestHandler#0'
2022-06-04 23:03:32.712 [INFO ] [org.springframework.web.servlet.handler.AbstractUrlHandlerMapping] [Catalina-utility-2] -- Mapped URL path [/css/**] onto handler 'org.springframework.web.servlet.resource.ResourceHttpRequestHandler#1'
2022-06-04 23:03:32.713 [INFO ] [org.springframework.web.servlet.handler.AbstractUrlHandlerMapping] [Catalina-utility-2] -- Mapped URL path [/js/**] onto handler 'org.springframework.web.servlet.resource.ResourceHttpRequestHandler#2'
2022-06-04 23:03:32.714 [INFO ] [org.springframework.web.servlet.handler.AbstractUrlHandlerMapping] [Catalina-utility-2] -- Mapped URL path [/img/**] onto handler 'org.springframework.web.servlet.resource.ResourceHttpRequestHandler#3'
2022-06-04 23:03:32.715 [INFO ] [org.springframework.web.servlet.handler.AbstractUrlHandlerMapping] [Catalina-utility-2] -- Mapped URL path [/webjars/**] onto handler 'org.springframework.web.servlet.resource.ResourceHttpRequestHandler#4'
2022-06-04 23:03:32.716 [INFO ] [org.springframework.web.servlet.handler.AbstractUrlHandlerMapping] [Catalina-utility-2] -- Mapped URL path [/bootstrap/**] onto handler 'org.springframework.web.servlet.resource.ResourceHttpRequestHandler#5'
2022-06-04 23:03:32.717 [INFO ] [org.springframework.web.servlet.handler.AbstractUrlHandlerMapping] [Catalina-utility-2] -- Mapped URL path [/bootstrap4/**] onto handler 'org.springframework.web.servlet.resource.ResourceHttpRequestHandler#6'
2022-06-04 23:03:32.720 [INFO ] [org.springframework.web.servlet.handler.AbstractUrlHandlerMapping] [Catalina-utility-2] -- Mapped URL path [/jquery/**] onto handler 'org.springframework.web.servlet.resource.ResourceHttpRequestHandler#7'
2022-06-04 23:03:32.721 [INFO ] [org.springframework.web.servlet.handler.AbstractUrlHandlerMapping] [Catalina-utility-2] -- Mapped URL path [/popper/**] onto handler 'org.springframework.web.servlet.resource.ResourceHttpRequestHandler#8'
2022-06-04 23:03:32.722 [INFO ] [org.springframework.web.servlet.handler.AbstractUrlHandlerMapping] [Catalina-utility-2] -- Mapped URL path [/product_images/**] onto handler 'org.springframework.web.servlet.resource.ResourceHttpRequestHandler#9'
2022-06-04 23:03:32.860 [INFO ] [org.springframework.web.servlet.FrameworkServlet] [Catalina-utility-2] -- FrameworkServlet 'appServlet': initialization completed in 2232 ms
2022-06-04 23:03:43.890 [INFO ] [org.springframework.context.support.AbstractApplicationContext] [Catalina-utility-1] -- Closing WebApplicationContext for namespace 'appServlet-servlet': startup date [Sat Jun 04 23:03:30 KST 2022]; parent: Root WebApplicationContext
2022-06-04 23:03:43.896 [INFO ] [org.springframework.context.support.AbstractApplicationContext] [Catalina-utility-1] -- Closing Root WebApplicationContext: startup date [Sat Jun 04 23:03:28 KST 2022]; root of context hierarchy
2022-06-04 23:03:43.896 [INFO ] [com.zaxxer.hikari.HikariDataSource] [Catalina-utility-1] -- HikariPool-5 - Shutdown initiated...
2022-06-04 23:03:43.899 [INFO ] [net.sf.log4jdbc.log.slf4j.Slf4jSpyLogDelegator] [HikariPool-5 connection closer] -- 1. Connection closed
2022-06-04 23:03:43.899 [INFO ] [net.sf.log4jdbc.log.slf4j.Slf4jSpyLogDelegator] [HikariPool-5 connection closer] -- 1. Connection.close() returned 
2022-06-04 23:03:43.900 [INFO ] [net.sf.log4jdbc.log.slf4j.Slf4jSpyLogDelegator] [HikariPool-5 connection closer] -- 2. Connection closed
2022-06-04 23:03:43.900 [INFO ] [net.sf.log4jdbc.log.slf4j.Slf4jSpyLogDelegator] [HikariPool-5 connection closer] -- 2. Connection.close() returned 
2022-06-04 23:03:43.901 [INFO ] [net.sf.log4jdbc.log.slf4j.Slf4jSpyLogDelegator] [HikariPool-5 connection closer] -- 3. Connection closed
2022-06-04 23:03:43.901 [INFO ] [net.sf.log4jdbc.log.slf4j.Slf4jSpyLogDelegator] [HikariPool-5 connection closer] -- 3. Connection.close() returned 
2022-06-04 23:03:43.902 [INFO ] [net.sf.log4jdbc.log.slf4j.Slf4jSpyLogDelegator] [HikariPool-5 connection closer] -- 4. Connection closed
2022-06-04 23:03:43.902 [INFO ] [net.sf.log4jdbc.log.slf4j.Slf4jSpyLogDelegator] [HikariPool-5 connection closer] -- 4. Connection.close() returned 
2022-06-04 23:03:43.903 [INFO ] [net.sf.log4jdbc.log.slf4j.Slf4jSpyLogDelegator] [HikariPool-5 connection closer] -- 5. Connection closed
2022-06-04 23:03:43.903 [INFO ] [net.sf.log4jdbc.log.slf4j.Slf4jSpyLogDelegator] [HikariPool-5 connection closer] -- 5. Connection.close() returned 
2022-06-04 23:03:43.904 [INFO ] [net.sf.log4jdbc.log.slf4j.Slf4jSpyLogDelegator] [HikariPool-5 connection closer] -- 6. Connection closed
2022-06-04 23:03:43.904 [INFO ] [net.sf.log4jdbc.log.slf4j.Slf4jSpyLogDelegator] [HikariPool-5 connection closer] -- 6. Connection.close() returned 
2022-06-04 23:03:43.905 [INFO ] [net.sf.log4jdbc.log.slf4j.Slf4jSpyLogDelegator] [HikariPool-5 connection closer] -- 7. Connection closed
2022-06-04 23:03:43.905 [INFO ] [net.sf.log4jdbc.log.slf4j.Slf4jSpyLogDelegator] [HikariPool-5 connection closer] -- 7. Connection.close() returned 
2022-06-04 23:03:43.905 [INFO ] [net.sf.log4jdbc.log.slf4j.Slf4jSpyLogDelegator] [HikariPool-5 connection closer] -- 8. Connection closed
2022-06-04 23:03:43.906 [INFO ] [net.sf.log4jdbc.log.slf4j.Slf4jSpyLogDelegator] [HikariPool-5 connection closer] -- 8. Connection.close() returned 
2022-06-04 23:03:43.906 [INFO ] [net.sf.log4jdbc.log.slf4j.Slf4jSpyLogDelegator] [HikariPool-5 connection closer] -- 9. Connection closed
2022-06-04 23:03:43.906 [INFO ] [net.sf.log4jdbc.log.slf4j.Slf4jSpyLogDelegator] [HikariPool-5 connection closer] -- 9. Connection.close() returned 
2022-06-04 23:03:43.907 [INFO ] [net.sf.log4jdbc.log.slf4j.Slf4jSpyLogDelegator] [HikariPool-5 connection closer] -- 10. Connection closed
2022-06-04 23:03:43.907 [INFO ] [net.sf.log4jdbc.log.slf4j.Slf4jSpyLogDelegator] [HikariPool-5 connection closer] -- 10. Connection.close() returned 
2022-06-04 23:03:43.908 [INFO ] [com.zaxxer.hikari.HikariDataSource] [Catalina-utility-1] -- HikariPool-5 - Shutdown completed.
2022-06-04 23:03:50.711 [INFO ] [org.springframework.web.context.ContextLoader] [Catalina-utility-1] -- Root WebApplicationContext: initialization started
2022-06-04 23:03:50.835 [INFO ] [org.springframework.context.support.AbstractApplicationContext] [Catalina-utility-1] -- Refreshing Root WebApplicationContext: startup date [Sat Jun 04 23:03:50 KST 2022]; root of context hierarchy
2022-06-04 23:03:50.934 [INFO ] [org.springframework.beans.factory.xml.XmlBeanDefinitionReader] [Catalina-utility-1] -- Loading XML bean definitions from file [C:\develop\work_space\project\.metadata\.plugins\org.eclipse.wst.server.core\tmp0\wtpwebapps\mall_project\WEB-INF\classes\spring\db-context.xml]
2022-06-04 23:03:51.212 [INFO ] [org.springframework.beans.factory.xml.XmlBeanDefinitionReader] [Catalina-utility-1] -- Loading XML bean definitions from file [C:\develop\work_space\project\.metadata\.plugins\org.eclipse.wst.server.core\tmp0\wtpwebapps\mall_project\WEB-INF\classes\spring\fileUpload-context.xml]
2022-06-04 23:03:51.456 [INFO ] [org.springframework.beans.factory.annotation.AutowiredAnnotationBeanPostProcessor] [Catalina-utility-1] -- JSR-330 'javax.inject.Inject' annotation found and supported for autowiring
2022-06-04 23:03:51.797 [INFO ] [com.zaxxer.hikari.HikariDataSource] [Catalina-utility-1] -- HikariPool-6 - Starting...
2022-06-04 23:03:52.215 [INFO ] [net.sf.log4jdbc.log.slf4j.Slf4jSpyLogDelegator] [Catalina-utility-1] -- 1. Connection opened
2022-06-04 23:03:52.215 [INFO ] [net.sf.log4jdbc.log.slf4j.Slf4jSpyLogDelegator] [Catalina-utility-1] -- 1. Connection.new Connection returned 
2022-06-04 23:03:52.215 [INFO ] [com.zaxxer.hikari.pool.PoolBase] [Catalina-utility-1] -- HikariPool-6 - Driver does not support get/set network timeout for connections. (net.sf.log4jdbc.sql.jdbcapi.ConnectionSpy.getNetworkTimeout()I)
2022-06-04 23:03:52.215 [INFO ] [net.sf.log4jdbc.log.slf4j.Slf4jSpyLogDelegator] [Catalina-utility-1] -- 1. Connection.isReadOnly() returned false
2022-06-04 23:03:52.216 [INFO ] [net.sf.log4jdbc.log.slf4j.Slf4jSpyLogDelegator] [Catalina-utility-1] -- 1. Connection.getAutoCommit() returned true
2022-06-04 23:03:52.216 [INFO ] [net.sf.log4jdbc.log.slf4j.Slf4jSpyLogDelegator] [Catalina-utility-1] -- 1. Connection.isValid(1) returned true
2022-06-04 23:03:52.217 [INFO ] [net.sf.log4jdbc.log.slf4j.Slf4jSpyLogDelegator] [Catalina-utility-1] -- 1. Connection.getTransactionIsolation() returned 2
2022-06-04 23:03:52.222 [INFO ] [com.zaxxer.hikari.HikariDataSource] [Catalina-utility-1] -- HikariPool-6 - Start completed.
2022-06-04 23:03:52.352 [INFO ] [net.sf.log4jdbc.log.slf4j.Slf4jSpyLogDelegator] [HikariPool-6 connection adder] -- 2. Connection opened
2022-06-04 23:03:52.352 [INFO ] [net.sf.log4jdbc.log.slf4j.Slf4jSpyLogDelegator] [HikariPool-6 connection adder] -- 2. Connection.new Connection returned 
2022-06-04 23:03:52.352 [INFO ] [net.sf.log4jdbc.log.slf4j.Slf4jSpyLogDelegator] [HikariPool-6 connection adder] -- 2. Connection.isReadOnly() returned false
2022-06-04 23:03:52.352 [INFO ] [net.sf.log4jdbc.log.slf4j.Slf4jSpyLogDelegator] [HikariPool-6 connection adder] -- 2. Connection.getAutoCommit() returned true
2022-06-04 23:03:52.378 [INFO ] [net.sf.log4jdbc.log.slf4j.Slf4jSpyLogDelegator] [HikariPool-6 connection adder] -- 3. Connection opened
2022-06-04 23:03:52.378 [INFO ] [net.sf.log4jdbc.log.slf4j.Slf4jSpyLogDelegator] [HikariPool-6 connection adder] -- 3. Connection.new Connection returned 
2022-06-04 23:03:52.379 [INFO ] [net.sf.log4jdbc.log.slf4j.Slf4jSpyLogDelegator] [HikariPool-6 connection adder] -- 3. Connection.isReadOnly() returned false
2022-06-04 23:03:52.379 [INFO ] [net.sf.log4jdbc.log.slf4j.Slf4jSpyLogDelegator] [HikariPool-6 connection adder] -- 3. Connection.getAutoCommit() returned true
2022-06-04 23:03:52.404 [INFO ] [net.sf.log4jdbc.log.slf4j.Slf4jSpyLogDelegator] [HikariPool-6 connection adder] -- 4. Connection opened
2022-06-04 23:03:52.404 [INFO ] [net.sf.log4jdbc.log.slf4j.Slf4jSpyLogDelegator] [HikariPool-6 connection adder] -- 4. Connection.new Connection returned 
2022-06-04 23:03:52.404 [INFO ] [net.sf.log4jdbc.log.slf4j.Slf4jSpyLogDelegator] [HikariPool-6 connection adder] -- 4. Connection.isReadOnly() returned false
2022-06-04 23:03:52.404 [INFO ] [net.sf.log4jdbc.log.slf4j.Slf4jSpyLogDelegator] [HikariPool-6 connection adder] -- 4. Connection.getAutoCommit() returned true
2022-06-04 23:03:52.430 [INFO ] [net.sf.log4jdbc.log.slf4j.Slf4jSpyLogDelegator] [HikariPool-6 connection adder] -- 5. Connection opened
2022-06-04 23:03:52.430 [INFO ] [net.sf.log4jdbc.log.slf4j.Slf4jSpyLogDelegator] [HikariPool-6 connection adder] -- 5. Connection.new Connection returned 
2022-06-04 23:03:52.430 [INFO ] [net.sf.log4jdbc.log.slf4j.Slf4jSpyLogDelegator] [HikariPool-6 connection adder] -- 5. Connection.isReadOnly() returned false
2022-06-04 23:03:52.430 [INFO ] [net.sf.log4jdbc.log.slf4j.Slf4jSpyLogDelegator] [HikariPool-6 connection adder] -- 5. Connection.getAutoCommit() returned true
2022-06-04 23:03:52.456 [INFO ] [net.sf.log4jdbc.log.slf4j.Slf4jSpyLogDelegator] [HikariPool-6 connection adder] -- 6. Connection opened
2022-06-04 23:03:52.456 [INFO ] [net.sf.log4jdbc.log.slf4j.Slf4jSpyLogDelegator] [HikariPool-6 connection adder] -- 6. Connection.new Connection returned 
2022-06-04 23:03:52.456 [INFO ] [net.sf.log4jdbc.log.slf4j.Slf4jSpyLogDelegator] [HikariPool-6 connection adder] -- 6. Connection.isReadOnly() returned false
2022-06-04 23:03:52.456 [INFO ] [net.sf.log4jdbc.log.slf4j.Slf4jSpyLogDelegator] [HikariPool-6 connection adder] -- 6. Connection.getAutoCommit() returned true
2022-06-04 23:03:52.482 [INFO ] [net.sf.log4jdbc.log.slf4j.Slf4jSpyLogDelegator] [HikariPool-6 connection adder] -- 7. Connection opened
2022-06-04 23:03:52.482 [INFO ] [net.sf.log4jdbc.log.slf4j.Slf4jSpyLogDelegator] [HikariPool-6 connection adder] -- 7. Connection.new Connection returned 
2022-06-04 23:03:52.482 [INFO ] [net.sf.log4jdbc.log.slf4j.Slf4jSpyLogDelegator] [HikariPool-6 connection adder] -- 7. Connection.isReadOnly() returned false
2022-06-04 23:03:52.482 [INFO ] [net.sf.log4jdbc.log.slf4j.Slf4jSpyLogDelegator] [HikariPool-6 connection adder] -- 7. Connection.getAutoCommit() returned true
2022-06-04 23:03:52.508 [INFO ] [net.sf.log4jdbc.log.slf4j.Slf4jSpyLogDelegator] [HikariPool-6 connection adder] -- 8. Connection opened
2022-06-04 23:03:52.508 [INFO ] [net.sf.log4jdbc.log.slf4j.Slf4jSpyLogDelegator] [HikariPool-6 connection adder] -- 8. Connection.new Connection returned 
2022-06-04 23:03:52.508 [INFO ] [net.sf.log4jdbc.log.slf4j.Slf4jSpyLogDelegator] [HikariPool-6 connection adder] -- 8. Connection.isReadOnly() returned false
2022-06-04 23:03:52.508 [INFO ] [net.sf.log4jdbc.log.slf4j.Slf4jSpyLogDelegator] [HikariPool-6 connection adder] -- 8. Connection.getAutoCommit() returned true
2022-06-04 23:03:52.633 [INFO ] [net.sf.log4jdbc.log.slf4j.Slf4jSpyLogDelegator] [HikariPool-6 connection adder] -- 9. Connection opened
2022-06-04 23:03:52.633 [INFO ] [net.sf.log4jdbc.log.slf4j.Slf4jSpyLogDelegator] [HikariPool-6 connection adder] -- 9. Connection.new Connection returned 
2022-06-04 23:03:52.633 [INFO ] [net.sf.log4jdbc.log.slf4j.Slf4jSpyLogDelegator] [HikariPool-6 connection adder] -- 9. Connection.isReadOnly() returned false
2022-06-04 23:03:52.633 [INFO ] [net.sf.log4jdbc.log.slf4j.Slf4jSpyLogDelegator] [HikariPool-6 connection adder] -- 9. Connection.getAutoCommit() returned true
2022-06-04 23:03:52.660 [INFO ] [net.sf.log4jdbc.log.slf4j.Slf4jSpyLogDelegator] [HikariPool-6 connection adder] -- 10. Connection opened
2022-06-04 23:03:52.660 [INFO ] [net.sf.log4jdbc.log.slf4j.Slf4jSpyLogDelegator] [HikariPool-6 connection adder] -- 10. Connection.new Connection returned 
2022-06-04 23:03:52.660 [INFO ] [net.sf.log4jdbc.log.slf4j.Slf4jSpyLogDelegator] [HikariPool-6 connection adder] -- 10. Connection.isReadOnly() returned false
2022-06-04 23:03:52.660 [INFO ] [net.sf.log4jdbc.log.slf4j.Slf4jSpyLogDelegator] [HikariPool-6 connection adder] -- 10. Connection.getAutoCommit() returned true
2022-06-04 23:03:53.157 [INFO ] [org.springframework.web.context.ContextLoader] [Catalina-utility-1] -- Root WebApplicationContext: initialization completed in 2434 ms
2022-06-04 23:03:53.204 [INFO ] [org.springframework.web.servlet.FrameworkServlet] [Catalina-utility-1] -- FrameworkServlet 'appServlet': initialization started
2022-06-04 23:03:53.207 [INFO ] [org.springframework.context.support.AbstractApplicationContext] [Catalina-utility-1] -- Refreshing WebApplicationContext for namespace 'appServlet-servlet': startup date [Sat Jun 04 23:03:53 KST 2022]; parent: Root WebApplicationContext
2022-06-04 23:03:53.208 [INFO ] [org.springframework.beans.factory.xml.XmlBeanDefinitionReader] [Catalina-utility-1] -- Loading XML bean definitions from ServletContext resource [/WEB-INF/spring/appServlet/servlet-context.xml]
2022-06-04 23:03:53.466 [INFO ] [org.springframework.beans.factory.annotation.AutowiredAnnotationBeanPostProcessor] [Catalina-utility-1] -- JSR-330 'javax.inject.Inject' annotation found and supported for autowiring
2022-06-04 23:03:53.769 [INFO ] [org.springframework.web.servlet.handler.AbstractHandlerMethodMapping$MappingRegistry] [Catalina-utility-1] -- Mapped "{[/admin/home]}" onto public java.lang.String com.javateam.project.controller.AdminController.home()
2022-06-04 23:03:53.771 [INFO ] [org.springframework.web.servlet.handler.AbstractHandlerMethodMapping$MappingRegistry] [Catalina-utility-1] -- Mapped "{[/admin/product/productUpdateProc],methods=[POST]}" onto public java.lang.String com.javateam.project.controller.AdminController.productUpdateProc(com.javateam.project.domain.ProductDTO,javax.servlet.http.HttpSession,org.springframework.ui.Model)
2022-06-04 23:03:53.771 [INFO ] [org.springframework.web.servlet.handler.AbstractHandlerMethodMapping$MappingRegistry] [Catalina-utility-1] -- Mapped "{[/admin/product/searchProductList],methods=[GET]}" onto public java.lang.String com.javateam.project.controller.AdminController.searchProductList(int,int,java.lang.String,java.lang.String,java.lang.String,org.springframework.ui.Model)
2022-06-04 23:03:53.771 [INFO ] [org.springframework.web.servlet.handler.AbstractHandlerMethodMapping$MappingRegistry] [Catalina-utility-1] -- Mapped "{[/admin/product/productRegistProc],methods=[POST]}" onto public java.lang.String com.javateam.project.controller.AdminController.productRegistProc(com.javateam.project.domain.ProductDTO,org.springframework.ui.Model)
2022-06-04 23:03:53.771 [INFO ] [org.springframework.web.servlet.handler.AbstractHandlerMethodMapping$MappingRegistry] [Catalina-utility-1] -- Mapped "{[/admin/product/productRegist],methods=[GET]}" onto public java.lang.String com.javateam.project.controller.AdminController.productRegist(org.springframework.ui.Model)
2022-06-04 23:03:53.771 [INFO ] [org.springframework.web.servlet.handler.AbstractHandlerMethodMapping$MappingRegistry] [Catalina-utility-1] -- Mapped "{[/admin/product/productDetail],methods=[GET]}" onto public java.lang.String com.javateam.project.controller.AdminController.productDetail(int,int,org.springframework.ui.Model)
2022-06-04 23:03:53.772 [INFO ] [org.springframework.web.servlet.handler.AbstractHandlerMethodMapping$MappingRegistry] [Catalina-utility-1] -- Mapped "{[/admin/member/memberList]}" onto public java.lang.String com.javateam.project.controller.AdminController.memberList(int,int,org.springframework.ui.Model)
2022-06-04 23:03:53.772 [INFO ] [org.springframework.web.servlet.handler.AbstractHandlerMethodMapping$MappingRegistry] [Catalina-utility-1] -- Mapped "{[/admin/member/searchMemberList]}" onto public java.lang.String com.javateam.project.controller.AdminController.searchMemberList(int,int,java.lang.String,java.lang.String,org.springframework.ui.Model)
2022-06-04 23:03:53.772 [INFO ] [org.springframework.web.servlet.handler.AbstractHandlerMethodMapping$MappingRegistry] [Catalina-utility-1] -- Mapped "{[/admin/product/productList],methods=[GET]}" onto public java.lang.String com.javateam.project.controller.AdminController.productList(int,int,org.springframework.ui.Model)
2022-06-04 23:03:53.772 [INFO ] [org.springframework.web.servlet.handler.AbstractHandlerMethodMapping$MappingRegistry] [Catalina-utility-1] -- Mapped "{[/admin/product/productUpdate],methods=[GET]}" onto public java.lang.String com.javateam.project.controller.AdminController.productUpdate(int,javax.servlet.http.HttpSession,org.springframework.ui.Model)
2022-06-04 23:03:53.773 [INFO ] [org.springframework.web.servlet.handler.AbstractHandlerMethodMapping$MappingRegistry] [Catalina-utility-1] -- Mapped "{[/admin/order/orderList]}" onto public java.lang.String com.javateam.project.controller.AdminOrderController.orderList(java.lang.String,org.springframework.ui.Model)
2022-06-04 23:03:53.773 [INFO ] [org.springframework.web.servlet.handler.AbstractHandlerMethodMapping$MappingRegistry] [Catalina-utility-1] -- Mapped "{[/admin/order/orderSave]}" onto public java.lang.String com.javateam.project.controller.AdminOrderController.orderSave(int[])
2022-06-04 23:03:53.777 [INFO ] [org.springframework.web.servlet.handler.AbstractHandlerMethodMapping$MappingRegistry] [Catalina-utility-1] -- Mapped "{[/admin/product/updateUseYN],methods=[GET],produces=[text/plain;charset=UTF-8]}" onto public org.springframework.http.ResponseEntity<java.lang.String> com.javateam.project.controller.AdminProductRestController.updateUseYN(int,java.lang.String)
2022-06-04 23:03:53.777 [INFO ] [org.springframework.web.servlet.handler.AbstractHandlerMethodMapping$MappingRegistry] [Catalina-utility-1] -- Mapped "{[/admin/product/updateBestYN],methods=[GET],produces=[text/plain;charset=UTF-8]}" onto public org.springframework.http.ResponseEntity<java.lang.String> com.javateam.project.controller.AdminProductRestController.updateBestYN(int,java.lang.String)
2022-06-04 23:03:53.778 [INFO ] [org.springframework.web.servlet.handler.AbstractHandlerMethodMapping$MappingRegistry] [Catalina-utility-1] -- Mapped "{[/admin/qna/qnaDetailForm]}" onto public java.lang.String com.javateam.project.controller.AdminQnaController.qnaDetail(int,org.springframework.ui.Model)
2022-06-04 23:03:53.778 [INFO ] [org.springframework.web.servlet.handler.AbstractHandlerMethodMapping$MappingRegistry] [Catalina-utility-1] -- Mapped "{[/admin/qna/qnaList]}" onto public java.lang.String com.javateam.project.controller.AdminQnaController.qnaList(int,int,org.springframework.ui.Model)
2022-06-04 23:03:53.778 [INFO ] [org.springframework.web.servlet.handler.AbstractHandlerMethodMapping$MappingRegistry] [Catalina-utility-1] -- Mapped "{[/admin/qna/qnaRepsave]}" onto public java.lang.String com.javateam.project.controller.AdminQnaController.qnaRepsave(int,java.lang.String,org.springframework.ui.Model)
2022-06-04 23:03:53.779 [INFO ] [org.springframework.web.servlet.handler.AbstractHandlerMethodMapping$MappingRegistry] [Catalina-utility-1] -- Mapped "{[/cart/cartList],methods=[GET]}" onto public java.lang.String com.javateam.project.controller.CartController.cartList(javax.servlet.http.HttpSession,org.springframework.ui.Model)
2022-06-04 23:03:53.779 [INFO ] [org.springframework.web.servlet.handler.AbstractHandlerMethodMapping$MappingRegistry] [Catalina-utility-1] -- Mapped "{[/cart/cartUpdate]}" onto public java.lang.String com.javateam.project.controller.CartController.cartUpdate(int[],int[],int[],javax.servlet.http.HttpSession,org.springframework.ui.Model)
2022-06-04 23:03:53.779 [INFO ] [org.springframework.web.servlet.handler.AbstractHandlerMethodMapping$MappingRegistry] [Catalina-utility-1] -- Mapped "{[/cart/cartDelete]}" onto public java.lang.String com.javateam.project.controller.CartController.cartDelete(int[],org.springframework.ui.Model)
2022-06-04 23:03:53.780 [INFO ] [org.springframework.web.servlet.handler.AbstractHandlerMethodMapping$MappingRegistry] [Catalina-utility-1] -- Mapped "{[/cart/cartInsert]}" onto public java.lang.String com.javateam.project.controller.CartController.cartInsert(int,int,javax.servlet.http.HttpSession,org.springframework.ui.Model)
2022-06-04 23:03:53.780 [INFO ] [org.springframework.web.servlet.handler.AbstractHandlerMethodMapping$MappingRegistry] [Catalina-utility-1] -- Mapped "{[/index]}" onto public java.lang.String com.javateam.project.controller.HomeController.index(javax.servlet.http.HttpServletRequest,org.springframework.ui.Model)
2022-06-04 23:03:53.780 [INFO ] [org.springframework.web.servlet.handler.AbstractHandlerMethodMapping$MappingRegistry] [Catalina-utility-1] -- Mapped "{[/]}" onto public java.lang.String com.javateam.project.controller.HomeController.home()
2022-06-04 23:03:53.782 [INFO ] [org.springframework.web.servlet.handler.AbstractHandlerMethodMapping$MappingRegistry] [Catalina-utility-1] -- Mapped "{[/login/logout],methods=[GET]}" onto public java.lang.String com.javateam.project.controller.LoginController.logout(javax.servlet.http.HttpSession)
2022-06-04 23:03:53.782 [INFO ] [org.springframework.web.servlet.handler.AbstractHandlerMethodMapping$MappingRegistry] [Catalina-utility-1] -- Mapped "{[/login/login_proc],methods=[POST]}" onto public java.lang.String com.javateam.project.controller.LoginController.loginProc(java.lang.String,java.lang.String,org.springframework.ui.Model,javax.servlet.http.HttpSession,org.springframework.web.servlet.mvc.support.RedirectAttributes)
2022-06-04 23:03:53.782 [INFO ] [org.springframework.web.servlet.handler.AbstractHandlerMethodMapping$MappingRegistry] [Catalina-utility-1] -- Mapped "{[/login/login_form]}" onto public org.springframework.web.servlet.ModelAndView com.javateam.project.controller.LoginController.loginForm()
2022-06-04 23:03:53.787 [INFO ] [org.springframework.web.servlet.handler.AbstractHandlerMethodMapping$MappingRegistry] [Catalina-utility-1] -- Mapped "{[/member/checkInactiveMember],methods=[GET]}" onto public java.lang.String com.javateam.project.controller.MemberController.checkInActiveMember()
2022-06-04 23:03:53.787 [INFO ] [org.springframework.web.servlet.handler.AbstractHandlerMethodMapping$MappingRegistry] [Catalina-utility-1] -- Mapped "{[/member/check_inactive_member_proc],methods=[POST]}" onto public java.lang.String com.javateam.project.controller.MemberController.checkInactiveMemberProc(com.javateam.project.domain.MemberVO,org.springframework.ui.Model)
2022-06-04 23:03:53.788 [INFO ] [org.springframework.web.servlet.handler.AbstractHandlerMethodMapping$MappingRegistry] [Catalina-utility-1] -- Mapped "{[/member/member_inactive]}" onto public java.lang.String com.javateam.project.controller.MemberController.memberInactiveProc(javax.servlet.http.HttpSession,org.springframework.ui.Model)
2022-06-04 23:03:53.788 [INFO ] [org.springframework.web.servlet.handler.AbstractHandlerMethodMapping$MappingRegistry] [Catalina-utility-1] -- Mapped "{[/member/contract]}" onto public java.lang.String com.javateam.project.controller.MemberController.constract()
2022-06-04 23:03:53.788 [INFO ] [org.springframework.web.servlet.handler.AbstractHandlerMethodMapping$MappingRegistry] [Catalina-utility-1] -- Mapped "{[/member/join_form]}" onto public java.lang.String com.javateam.project.controller.MemberController.joinForm(java.lang.String)
2022-06-04 23:03:53.788 [INFO ] [org.springframework.web.servlet.handler.AbstractHandlerMethodMapping$MappingRegistry] [Catalina-utility-1] -- Mapped "{[/member/join_proc],methods=[POST]}" onto public java.lang.String com.javateam.project.controller.MemberController.joinProc(com.javateam.project.domain.MemberVO)
2022-06-04 23:03:53.788 [INFO ] [org.springframework.web.servlet.handler.AbstractHandlerMethodMapping$MappingRegistry] [Catalina-utility-1] -- Mapped "{[/member/member_info],methods=[GET]}" onto public java.lang.String com.javateam.project.controller.MemberController.memberInfo()
2022-06-04 23:03:53.788 [INFO ] [org.springframework.web.servlet.handler.AbstractHandlerMethodMapping$MappingRegistry] [Catalina-utility-1] -- Mapped "{[/member/update_proc],methods=[POST]}" onto public java.lang.String com.javateam.project.controller.MemberController.updateProc(com.javateam.project.domain.MemberDTO,org.springframework.validation.BindingResult,org.springframework.web.servlet.mvc.support.RedirectAttributes,javax.servlet.http.HttpSession)
2022-06-04 23:03:53.789 [INFO ] [org.springframework.web.servlet.handler.AbstractHandlerMethodMapping$MappingRegistry] [Catalina-utility-1] -- Mapped "{[/member/member_update],methods=[GET]}" onto public java.lang.String com.javateam.project.controller.MemberController.memberUpdate()
2022-06-04 23:03:53.792 [INFO ] [org.springframework.web.servlet.handler.AbstractHandlerMethodMapping$MappingRegistry] [Catalina-utility-1] -- Mapped "{[/member/phone_check_update],methods=[GET],produces=[text/plain;charset=UTF-8]}" onto public org.springframework.http.ResponseEntity<java.lang.String> com.javateam.project.controller.MemberRestController.phoneCheckOnUpdate(java.lang.String,java.lang.String)
2022-06-04 23:03:53.792 [INFO ] [org.springframework.web.servlet.handler.AbstractHandlerMethodMapping$MappingRegistry] [Catalina-utility-1] -- Mapped "{[/member/email_check_update],methods=[GET],produces=[text/plain;charset=UTF-8]}" onto public org.springframework.http.ResponseEntity<java.lang.String> com.javateam.project.controller.MemberRestController.emailCheckOnUpdate(java.lang.String,java.lang.String)
2022-06-04 23:03:53.792 [INFO ] [org.springframework.web.servlet.handler.AbstractHandlerMethodMapping$MappingRegistry] [Catalina-utility-1] -- Mapped "{[/member/member_inactive_admin],methods=[GET],produces=[text/plain;charset=UTF-8]}" onto public org.springframework.http.ResponseEntity<java.lang.String> com.javateam.project.controller.MemberRestController.memberInactiveByAdmin(java.lang.String)
2022-06-04 23:03:53.793 [INFO ] [org.springframework.web.servlet.handler.AbstractHandlerMethodMapping$MappingRegistry] [Catalina-utility-1] -- Mapped "{[/member/zip_address_update],methods=[GET],produces=[text/plain;charset=UTF-8]}" onto public org.springframework.http.ResponseEntity<java.lang.String> com.javateam.project.controller.MemberRestController.zipAddress1Update(java.lang.String,java.lang.String,java.lang.String,java.lang.String)
2022-06-04 23:03:53.793 [INFO ] [org.springframework.web.servlet.handler.AbstractHandlerMethodMapping$MappingRegistry] [Catalina-utility-1] -- Mapped "{[/member/email_check],methods=[GET],produces=[text/plain;charset=UTF-8]}" onto public org.springframework.http.ResponseEntity<java.lang.String> com.javateam.project.controller.MemberRestController.emailCheck(java.lang.String)
2022-06-04 23:03:53.793 [INFO ] [org.springframework.web.servlet.handler.AbstractHandlerMethodMapping$MappingRegistry] [Catalina-utility-1] -- Mapped "{[/member/phone_check],methods=[GET],produces=[text/plain;charset=UTF-8]}" onto public org.springframework.http.ResponseEntity<java.lang.String> com.javateam.project.controller.MemberRestController.phoneCheck(java.lang.String)
2022-06-04 23:03:53.793 [INFO ] [org.springframework.web.servlet.handler.AbstractHandlerMethodMapping$MappingRegistry] [Catalina-utility-1] -- Mapped "{[/member/id_check],methods=[GET],produces=[text/plain;charset=UTF-8]}" onto public org.springframework.http.ResponseEntity<java.lang.String> com.javateam.project.controller.MemberRestController.idCheck(java.lang.String)
2022-06-04 23:03:53.794 [INFO ] [org.springframework.web.servlet.handler.AbstractHandlerMethodMapping$MappingRegistry] [Catalina-utility-1] -- Mapped "{[/member/update_role],methods=[GET],produces=[text/plain;charset=UTF-8]}" onto public org.springframework.http.ResponseEntity<java.lang.String> com.javateam.project.controller.MemberRestController.updateRole(java.lang.String,java.lang.String)
2022-06-04 23:03:53.794 [INFO ] [org.springframework.web.servlet.handler.AbstractHandlerMethodMapping$MappingRegistry] [Catalina-utility-1] -- Mapped "{[/member/phone_update],methods=[GET],produces=[text/plain;charset=UTF-8]}" onto public org.springframework.http.ResponseEntity<java.lang.String> com.javateam.project.controller.MemberRestController.phoneUpdate(java.lang.String,java.lang.String)
2022-06-04 23:03:53.794 [INFO ] [org.springframework.web.servlet.handler.AbstractHandlerMethodMapping$MappingRegistry] [Catalina-utility-1] -- Mapped "{[/member/address2_update],methods=[GET],produces=[text/plain;charset=UTF-8]}" onto public org.springframework.http.ResponseEntity<java.lang.String> com.javateam.project.controller.MemberRestController.address2Update(java.lang.String,java.lang.String)
2022-06-04 23:03:53.794 [INFO ] [org.springframework.web.servlet.handler.AbstractHandlerMethodMapping$MappingRegistry] [Catalina-utility-1] -- Mapped "{[/member/member_view],methods=[GET],produces=[application/json;charset=UTF-8]}" onto public org.springframework.http.ResponseEntity<com.javateam.project.domain.MemberVO> com.javateam.project.controller.MemberRestController.memberView(java.lang.String)
2022-06-04 23:03:53.794 [INFO ] [org.springframework.web.servlet.handler.AbstractHandlerMethodMapping$MappingRegistry] [Catalina-utility-1] -- Mapped "{[/member/email_update],methods=[GET],produces=[text/plain;charset=UTF-8]}" onto public org.springframework.http.ResponseEntity<java.lang.String> com.javateam.project.controller.MemberRestController.emailUpdate(java.lang.String,java.lang.String)
2022-06-04 23:03:53.795 [INFO ] [org.springframework.web.servlet.handler.AbstractHandlerMethodMapping$MappingRegistry] [Catalina-utility-1] -- Mapped "{[/order/orderInsert]}" onto public java.lang.String com.javateam.project.controller.OrderController.orderInsert(int[],java.lang.String[],int[],int[],javax.servlet.http.HttpSession,org.springframework.ui.Model)
2022-06-04 23:03:53.796 [INFO ] [org.springframework.web.servlet.handler.AbstractHandlerMethodMapping$MappingRegistry] [Catalina-utility-1] -- Mapped "{[/order/orderList]}" onto public java.lang.String com.javateam.project.controller.OrderController.orderlist(int,javax.servlet.http.HttpSession,org.springframework.ui.Model)
2022-06-04 23:03:53.796 [INFO ] [org.springframework.web.servlet.handler.AbstractHandlerMethodMapping$MappingRegistry] [Catalina-utility-1] -- Mapped "{[/order/orderDetail],methods=[GET]}" onto public java.lang.String com.javateam.project.controller.OrderController.orderDetail(int,javax.servlet.http.HttpSession,org.springframework.ui.Model)
2022-06-04 23:03:53.796 [INFO ] [org.springframework.web.servlet.handler.AbstractHandlerMethodMapping$MappingRegistry] [Catalina-utility-1] -- Mapped "{[/order/orderAll],methods=[GET]}" onto public java.lang.String com.javateam.project.controller.OrderController.orderAll(javax.servlet.http.HttpSession,javax.servlet.http.HttpServletRequest)
2022-06-04 23:03:53.796 [INFO ] [org.springframework.web.servlet.handler.AbstractHandlerMethodMapping$MappingRegistry] [Catalina-utility-1] -- Mapped "{[/order/mypage]}" onto public java.lang.String com.javateam.project.controller.OrderController.mypage(javax.servlet.http.HttpSession,org.springframework.ui.Model)
2022-06-04 23:03:53.797 [INFO ] [org.springframework.web.servlet.handler.AbstractHandlerMethodMapping$MappingRegistry] [Catalina-utility-1] -- Mapped "{[/product/category]}" onto public java.lang.String com.javateam.project.controller.ProductKindController.category(int,org.springframework.ui.Model)
2022-06-04 23:03:53.797 [INFO ] [org.springframework.web.servlet.handler.AbstractHandlerMethodMapping$MappingRegistry] [Catalina-utility-1] -- Mapped "{[/product/product_detail]}" onto public java.lang.String com.javateam.project.controller.ProductKindController.productDetail(int,org.springframework.ui.Model)
2022-06-04 23:03:53.797 [INFO ] [org.springframework.web.servlet.handler.AbstractHandlerMethodMapping$MappingRegistry] [Catalina-utility-1] -- Mapped "{[/qna/qnaList]}" onto public java.lang.String com.javateam.project.controller.QnaController.qnaList(javax.servlet.http.HttpSession,org.springframework.ui.Model)
2022-06-04 23:03:53.798 [INFO ] [org.springframework.web.servlet.handler.AbstractHandlerMethodMapping$MappingRegistry] [Catalina-utility-1] -- Mapped "{[/qna/qnaView]}" onto public java.lang.String com.javateam.project.controller.QnaController.qnaView(int,org.springframework.ui.Model)
2022-06-04 23:03:53.798 [INFO ] [org.springframework.web.servlet.handler.AbstractHandlerMethodMapping$MappingRegistry] [Catalina-utility-1] -- Mapped "{[/qna/qnaWriteForm]}" onto public java.lang.String com.javateam.project.controller.QnaController.qnaWriteForm()
2022-06-04 23:03:53.798 [INFO ] [org.springframework.web.servlet.handler.AbstractHandlerMethodMapping$MappingRegistry] [Catalina-utility-1] -- Mapped "{[/qna/qnaWrite]}" onto public java.lang.String com.javateam.project.controller.QnaController.qnaWrite(com.javateam.project.domain.QnaVO,javax.servlet.http.HttpSession,org.springframework.ui.Model)
2022-06-04 23:03:53.799 [INFO ] [org.springframework.web.servlet.handler.AbstractHandlerMethodMapping$MappingRegistry] [Catalina-utility-1] -- Mapped "{[/demo]}" onto public java.lang.String com.javateam.project.controller.TestController.demo()
2022-06-04 23:03:53.799 [INFO ] [org.springframework.web.servlet.handler.AbstractHandlerMethodMapping$MappingRegistry] [Catalina-utility-1] -- Mapped "{[/bootstrap2]}" onto public java.lang.String com.javateam.project.controller.TestController.demo3()
2022-06-04 23:03:53.799 [INFO ] [org.springframework.web.servlet.handler.AbstractHandlerMethodMapping$MappingRegistry] [Catalina-utility-1] -- Mapped "{[/slide_div]}" onto public java.lang.String com.javateam.project.controller.TestController.slideDiv()
2022-06-04 23:03:53.799 [INFO ] [org.springframework.web.servlet.handler.AbstractHandlerMethodMapping$MappingRegistry] [Catalina-utility-1] -- Mapped "{[/slide_final]}" onto public java.lang.String com.javateam.project.controller.TestController.slideFinal()
2022-06-04 23:03:53.799 [INFO ] [org.springframework.web.servlet.handler.AbstractHandlerMethodMapping$MappingRegistry] [Catalina-utility-1] -- Mapped "{[/slide]}" onto public java.lang.String com.javateam.project.controller.TestController.slide()
2022-06-04 23:03:53.799 [INFO ] [org.springframework.web.servlet.handler.AbstractHandlerMethodMapping$MappingRegistry] [Catalina-utility-1] -- Mapped "{[/bootstrap]}" onto public java.lang.String com.javateam.project.controller.TestController.demo2()
2022-06-04 23:03:53.800 [INFO ] [org.springframework.web.servlet.handler.AbstractHandlerMethodMapping$MappingRegistry] [Catalina-utility-1] -- Mapped "{[/slide2]}" onto public java.lang.String com.javateam.project.controller.TestController.slide2()
2022-06-04 23:03:53.904 [INFO ] [org.hibernate.validator.internal.util.Version] [Catalina-utility-1] -- HV000001: Hibernate Validator 6.2.0.Final
2022-06-04 23:03:55.060 [INFO ] [org.springframework.web.servlet.mvc.method.annotation.RequestMappingHandlerAdapter] [Catalina-utility-1] -- Looking for @ControllerAdvice: WebApplicationContext for namespace 'appServlet-servlet': startup date [Sat Jun 04 23:03:53 KST 2022]; parent: Root WebApplicationContext
2022-06-04 23:03:55.160 [INFO ] [org.springframework.web.servlet.mvc.method.annotation.RequestMappingHandlerAdapter] [Catalina-utility-1] -- Looking for @ControllerAdvice: WebApplicationContext for namespace 'appServlet-servlet': startup date [Sat Jun 04 23:03:53 KST 2022]; parent: Root WebApplicationContext
2022-06-04 23:03:55.256 [INFO ] [org.springframework.web.servlet.handler.AbstractUrlHandlerMapping] [Catalina-utility-1] -- Mapped URL path [/resources/**] onto handler 'org.springframework.web.servlet.resource.ResourceHttpRequestHandler#0'
2022-06-04 23:03:55.257 [INFO ] [org.springframework.web.servlet.handler.AbstractUrlHandlerMapping] [Catalina-utility-1] -- Mapped URL path [/css/**] onto handler 'org.springframework.web.servlet.resource.ResourceHttpRequestHandler#1'
2022-06-04 23:03:55.258 [INFO ] [org.springframework.web.servlet.handler.AbstractUrlHandlerMapping] [Catalina-utility-1] -- Mapped URL path [/js/**] onto handler 'org.springframework.web.servlet.resource.ResourceHttpRequestHandler#2'
2022-06-04 23:03:55.260 [INFO ] [org.springframework.web.servlet.handler.AbstractUrlHandlerMapping] [Catalina-utility-1] -- Mapped URL path [/img/**] onto handler 'org.springframework.web.servlet.resource.ResourceHttpRequestHandler#3'
2022-06-04 23:03:55.261 [INFO ] [org.springframework.web.servlet.handler.AbstractUrlHandlerMapping] [Catalina-utility-1] -- Mapped URL path [/webjars/**] onto handler 'org.springframework.web.servlet.resource.ResourceHttpRequestHandler#4'
2022-06-04 23:03:55.262 [INFO ] [org.springframework.web.servlet.handler.AbstractUrlHandlerMapping] [Catalina-utility-1] -- Mapped URL path [/bootstrap/**] onto handler 'org.springframework.web.servlet.resource.ResourceHttpRequestHandler#5'
2022-06-04 23:03:55.263 [INFO ] [org.springframework.web.servlet.handler.AbstractUrlHandlerMapping] [Catalina-utility-1] -- Mapped URL path [/bootstrap4/**] onto handler 'org.springframework.web.servlet.resource.ResourceHttpRequestHandler#6'
2022-06-04 23:03:55.264 [INFO ] [org.springframework.web.servlet.handler.AbstractUrlHandlerMapping] [Catalina-utility-1] -- Mapped URL path [/jquery/**] onto handler 'org.springframework.web.servlet.resource.ResourceHttpRequestHandler#7'
2022-06-04 23:03:55.266 [INFO ] [org.springframework.web.servlet.handler.AbstractUrlHandlerMapping] [Catalina-utility-1] -- Mapped URL path [/popper/**] onto handler 'org.springframework.web.servlet.resource.ResourceHttpRequestHandler#8'
2022-06-04 23:03:55.267 [INFO ] [org.springframework.web.servlet.handler.AbstractUrlHandlerMapping] [Catalina-utility-1] -- Mapped URL path [/product_images/**] onto handler 'org.springframework.web.servlet.resource.ResourceHttpRequestHandler#9'
2022-06-04 23:03:55.384 [INFO ] [org.springframework.web.servlet.FrameworkServlet] [Catalina-utility-1] -- FrameworkServlet 'appServlet': initialization completed in 2180 ms
2022-06-04 23:05:02.415 [INFO ] [org.springframework.context.support.AbstractApplicationContext] [Catalina-utility-1] -- Closing WebApplicationContext for namespace 'appServlet-servlet': startup date [Sat Jun 04 23:03:53 KST 2022]; parent: Root WebApplicationContext
2022-06-04 23:05:02.418 [INFO ] [org.springframework.context.support.AbstractApplicationContext] [Catalina-utility-1] -- Closing Root WebApplicationContext: startup date [Sat Jun 04 23:03:50 KST 2022]; root of context hierarchy
2022-06-04 23:05:02.418 [INFO ] [com.zaxxer.hikari.HikariDataSource] [Catalina-utility-1] -- HikariPool-6 - Shutdown initiated...
2022-06-04 23:05:02.421 [INFO ] [net.sf.log4jdbc.log.slf4j.Slf4jSpyLogDelegator] [HikariPool-6 connection closer] -- 1. Connection closed
2022-06-04 23:05:02.421 [INFO ] [net.sf.log4jdbc.log.slf4j.Slf4jSpyLogDelegator] [HikariPool-6 connection closer] -- 1. Connection.close() returned 
2022-06-04 23:05:02.422 [INFO ] [net.sf.log4jdbc.log.slf4j.Slf4jSpyLogDelegator] [HikariPool-6 connection closer] -- 2. Connection closed
2022-06-04 23:05:02.422 [INFO ] [net.sf.log4jdbc.log.slf4j.Slf4jSpyLogDelegator] [HikariPool-6 connection closer] -- 2. Connection.close() returned 
2022-06-04 23:05:02.423 [INFO ] [net.sf.log4jdbc.log.slf4j.Slf4jSpyLogDelegator] [HikariPool-6 connection closer] -- 3. Connection closed
2022-06-04 23:05:02.423 [INFO ] [net.sf.log4jdbc.log.slf4j.Slf4jSpyLogDelegator] [HikariPool-6 connection closer] -- 3. Connection.close() returned 
2022-06-04 23:05:02.424 [INFO ] [net.sf.log4jdbc.log.slf4j.Slf4jSpyLogDelegator] [HikariPool-6 connection closer] -- 4. Connection closed
2022-06-04 23:05:02.424 [INFO ] [net.sf.log4jdbc.log.slf4j.Slf4jSpyLogDelegator] [HikariPool-6 connection closer] -- 4. Connection.close() returned 
2022-06-04 23:05:02.425 [INFO ] [net.sf.log4jdbc.log.slf4j.Slf4jSpyLogDelegator] [HikariPool-6 connection closer] -- 5. Connection closed
2022-06-04 23:05:02.425 [INFO ] [net.sf.log4jdbc.log.slf4j.Slf4jSpyLogDelegator] [HikariPool-6 connection closer] -- 5. Connection.close() returned 
2022-06-04 23:05:02.427 [INFO ] [net.sf.log4jdbc.log.slf4j.Slf4jSpyLogDelegator] [HikariPool-6 connection closer] -- 6. Connection closed
2022-06-04 23:05:02.427 [INFO ] [net.sf.log4jdbc.log.slf4j.Slf4jSpyLogDelegator] [HikariPool-6 connection closer] -- 6. Connection.close() returned 
2022-06-04 23:05:02.427 [INFO ] [net.sf.log4jdbc.log.slf4j.Slf4jSpyLogDelegator] [HikariPool-6 connection closer] -- 7. Connection closed
2022-06-04 23:05:02.427 [INFO ] [net.sf.log4jdbc.log.slf4j.Slf4jSpyLogDelegator] [HikariPool-6 connection closer] -- 7. Connection.close() returned 
2022-06-04 23:05:02.428 [INFO ] [net.sf.log4jdbc.log.slf4j.Slf4jSpyLogDelegator] [HikariPool-6 connection closer] -- 8. Connection closed
2022-06-04 23:05:02.428 [INFO ] [net.sf.log4jdbc.log.slf4j.Slf4jSpyLogDelegator] [HikariPool-6 connection closer] -- 8. Connection.close() returned 
2022-06-04 23:05:02.429 [INFO ] [net.sf.log4jdbc.log.slf4j.Slf4jSpyLogDelegator] [HikariPool-6 connection closer] -- 9. Connection closed
2022-06-04 23:05:02.429 [INFO ] [net.sf.log4jdbc.log.slf4j.Slf4jSpyLogDelegator] [HikariPool-6 connection closer] -- 9. Connection.close() returned 
2022-06-04 23:05:02.430 [INFO ] [net.sf.log4jdbc.log.slf4j.Slf4jSpyLogDelegator] [HikariPool-6 connection closer] -- 10. Connection closed
2022-06-04 23:05:02.430 [INFO ] [net.sf.log4jdbc.log.slf4j.Slf4jSpyLogDelegator] [HikariPool-6 connection closer] -- 10. Connection.close() returned 
2022-06-04 23:05:02.430 [INFO ] [com.zaxxer.hikari.HikariDataSource] [Catalina-utility-1] -- HikariPool-6 - Shutdown completed.
2022-06-04 23:05:09.195 [INFO ] [org.springframework.web.context.ContextLoader] [Catalina-utility-1] -- Root WebApplicationContext: initialization started
2022-06-04 23:05:09.324 [INFO ] [org.springframework.context.support.AbstractApplicationContext] [Catalina-utility-1] -- Refreshing Root WebApplicationContext: startup date [Sat Jun 04 23:05:09 KST 2022]; root of context hierarchy
2022-06-04 23:05:09.422 [INFO ] [org.springframework.beans.factory.xml.XmlBeanDefinitionReader] [Catalina-utility-1] -- Loading XML bean definitions from file [C:\develop\work_space\project\.metadata\.plugins\org.eclipse.wst.server.core\tmp0\wtpwebapps\mall_project\WEB-INF\classes\spring\db-context.xml]
2022-06-04 23:05:09.697 [INFO ] [org.springframework.beans.factory.xml.XmlBeanDefinitionReader] [Catalina-utility-1] -- Loading XML bean definitions from file [C:\develop\work_space\project\.metadata\.plugins\org.eclipse.wst.server.core\tmp0\wtpwebapps\mall_project\WEB-INF\classes\spring\fileUpload-context.xml]
2022-06-04 23:05:09.936 [INFO ] [org.springframework.beans.factory.annotation.AutowiredAnnotationBeanPostProcessor] [Catalina-utility-1] -- JSR-330 'javax.inject.Inject' annotation found and supported for autowiring
2022-06-04 23:05:10.278 [INFO ] [com.zaxxer.hikari.HikariDataSource] [Catalina-utility-1] -- HikariPool-7 - Starting...
2022-06-04 23:05:10.692 [INFO ] [net.sf.log4jdbc.log.slf4j.Slf4jSpyLogDelegator] [Catalina-utility-1] -- 1. Connection opened
2022-06-04 23:05:10.693 [INFO ] [net.sf.log4jdbc.log.slf4j.Slf4jSpyLogDelegator] [Catalina-utility-1] -- 1. Connection.new Connection returned 
2022-06-04 23:05:10.693 [INFO ] [com.zaxxer.hikari.pool.PoolBase] [Catalina-utility-1] -- HikariPool-7 - Driver does not support get/set network timeout for connections. (net.sf.log4jdbc.sql.jdbcapi.ConnectionSpy.getNetworkTimeout()I)
2022-06-04 23:05:10.693 [INFO ] [net.sf.log4jdbc.log.slf4j.Slf4jSpyLogDelegator] [Catalina-utility-1] -- 1. Connection.isReadOnly() returned false
2022-06-04 23:05:10.693 [INFO ] [net.sf.log4jdbc.log.slf4j.Slf4jSpyLogDelegator] [Catalina-utility-1] -- 1. Connection.getAutoCommit() returned true
2022-06-04 23:05:10.694 [INFO ] [net.sf.log4jdbc.log.slf4j.Slf4jSpyLogDelegator] [Catalina-utility-1] -- 1. Connection.isValid(1) returned true
