2022-06-04 22:57:43.440 [INFO ] [net.sf.log4jdbc.log.slf4j.Slf4jSpyLogDelegator] [http-nio-0.0.0.0-8080-exec-6] -- 1. ResultSet.getString(THUMB_IMAGE) returned thumbnail-41203af8-a8c5-45ed-9be1-01ddbdc89528_1000000529.jpg
2022-06-04 22:57:43.447 [INFO ] [net.sf.log4jdbc.log.slf4j.Slf4jSpyLogDelegator] [http-nio-0.0.0.0-8080-exec-6] -- 1. ResultSet.wasNull() returned false
2022-06-04 22:57:43.447 [INFO ] [net.sf.log4jdbc.log.slf4j.Slf4jSpyLogDelegator] [http-nio-0.0.0.0-8080-exec-6] -- 1. ResultSet.next() returned true
2022-06-04 22:57:43.447 [INFO ] [net.sf.log4jdbc.log.slf4j.Slf4jSpyLogDelegator] [http-nio-0.0.0.0-8080-exec-6] -- 1. ResultSet.getInt(PSEQ) returned 591
2022-06-04 22:57:43.448 [INFO ] [net.sf.log4jdbc.log.slf4j.Slf4jSpyLogDelegator] [http-nio-0.0.0.0-8080-exec-6] -- 1. ResultSet.wasNull() returned false
2022-06-04 22:57:43.448 [INFO ] [net.sf.log4jdbc.log.slf4j.Slf4jSpyLogDelegator] [http-nio-0.0.0.0-8080-exec-6] -- 1. ResultSet.getString(NAME) returned [★김연아 착용]펌프스 412131003 (7cm/4colors)
2022-06-04 22:57:43.448 [INFO ] [net.sf.log4jdbc.log.slf4j.Slf4jSpyLogDelegator] [http-nio-0.0.0.0-8080-exec-6] -- 1. ResultSet.wasNull() returned false
2022-06-04 22:57:43.448 [INFO ] [net.sf.log4jdbc.log.slf4j.Slf4jSpyLogDelegator] [http-nio-0.0.0.0-8080-exec-6] -- 1. ResultSet.getInt(PRICE2) returned 43450
2022-06-04 22:57:43.448 [INFO ] [net.sf.log4jdbc.log.slf4j.Slf4jSpyLogDelegator] [http-nio-0.0.0.0-8080-exec-6] -- 1. ResultSet.wasNull() returned false
2022-06-04 22:57:43.448 [INFO ] [net.sf.log4jdbc.log.slf4j.Slf4jSpyLogDelegator] [http-nio-0.0.0.0-8080-exec-6] -- 1. ResultSet.getString(IMAGE) returned 397436a2-5182-4f6d-9924-f0b22d00226c_1000000537.jpg
2022-06-04 22:57:43.448 [INFO ] [net.sf.log4jdbc.log.slf4j.Slf4jSpyLogDelegator] [http-nio-0.0.0.0-8080-exec-6] -- 1. ResultSet.wasNull() returned false
2022-06-04 22:57:43.449 [INFO ] [net.sf.log4jdbc.log.slf4j.Slf4jSpyLogDelegator] [http-nio-0.0.0.0-8080-exec-6] -- 1. ResultSet.getString(THUMB_IMAGE) returned thumbnail-397436a2-5182-4f6d-9924-f0b22d00226c_1000000537.jpg
2022-06-04 22:57:43.449 [INFO ] [net.sf.log4jdbc.log.slf4j.Slf4jSpyLogDelegator] [http-nio-0.0.0.0-8080-exec-6] -- 1. ResultSet.wasNull() returned false
2022-06-04 22:57:43.449 [INFO ] [net.sf.log4jdbc.log.slf4j.Slf4jSpyLogDelegator] [http-nio-0.0.0.0-8080-exec-6] -- 1. ResultSet.next() returned true
2022-06-04 22:57:43.449 [INFO ] [net.sf.log4jdbc.log.slf4j.Slf4jSpyLogDelegator] [http-nio-0.0.0.0-8080-exec-6] -- 1. ResultSet.getInt(PSEQ) returned 590
2022-06-04 22:57:43.449 [INFO ] [net.sf.log4jdbc.log.slf4j.Slf4jSpyLogDelegator] [http-nio-0.0.0.0-8080-exec-6] -- 1. ResultSet.wasNull() returned false
2022-06-04 22:57:43.449 [INFO ] [net.sf.log4jdbc.log.slf4j.Slf4jSpyLogDelegator] [http-nio-0.0.0.0-8080-exec-6] -- 1. ResultSet.getString(NAME) returned 펌프스 412131002 (5cm/4colors)
2022-06-04 22:57:43.449 [INFO ] [net.sf.log4jdbc.log.slf4j.Slf4jSpyLogDelegator] [http-nio-0.0.0.0-8080-exec-6] -- 1. ResultSet.wasNull() returned false
2022-06-04 22:57:43.449 [INFO ] [net.sf.log4jdbc.log.slf4j.Slf4jSpyLogDelegator] [http-nio-0.0.0.0-8080-exec-6] -- 1. ResultSet.getInt(PRICE2) returned 43450
2022-06-04 22:57:43.449 [INFO ] [net.sf.log4jdbc.log.slf4j.Slf4jSpyLogDelegator] [http-nio-0.0.0.0-8080-exec-6] -- 1. ResultSet.wasNull() returned false
2022-06-04 22:57:43.450 [INFO ] [net.sf.log4jdbc.log.slf4j.Slf4jSpyLogDelegator] [http-nio-0.0.0.0-8080-exec-6] -- 1. ResultSet.getString(IMAGE) returned a25b6ce7-66f9-4212-aa74-39a3b4b060ff_1000000538.jpg
2022-06-04 22:57:43.450 [INFO ] [net.sf.log4jdbc.log.slf4j.Slf4jSpyLogDelegator] [http-nio-0.0.0.0-8080-exec-6] -- 1. ResultSet.wasNull() returned false
2022-06-04 22:57:43.450 [INFO ] [net.sf.log4jdbc.log.slf4j.Slf4jSpyLogDelegator] [http-nio-0.0.0.0-8080-exec-6] -- 1. ResultSet.getString(THUMB_IMAGE) returned thumbnail-a25b6ce7-66f9-4212-aa74-39a3b4b060ff_1000000538.jpg
2022-06-04 22:57:43.450 [INFO ] [net.sf.log4jdbc.log.slf4j.Slf4jSpyLogDelegator] [http-nio-0.0.0.0-8080-exec-6] -- 1. ResultSet.wasNull() returned false
2022-06-04 22:57:43.451 [INFO ] [net.sf.log4jdbc.log.slf4j.Slf4jSpyLogDelegator] [http-nio-0.0.0.0-8080-exec-6] -- 
|-----|------------------------------------------|-------|----------------------------------------------------|--------------------------------------------------------------|
|pseq |name                                      |price2 |image                                               |thumb_image                                                   |
|-----|------------------------------------------|-------|----------------------------------------------------|--------------------------------------------------------------|
|594  |펌프스 412131004 (7cm/3colors)               |39500  |e9e0d69f-93cb-4959-b353-b5aa32e72836_1000000528.jpg |thumbnail-e9e0d69f-93cb-4959-b353-b5aa32e72836_1000000528.jpg |
|592  |펌프스 412131006 (5.5cm/3colors)             |39500  |c82e440d-87b8-477b-93e5-8b11590aab5e_1000000536.jpg |thumbnail-c82e440d-87b8-477b-93e5-8b11590aab5e_1000000536.jpg |
|593  |[★로켓펀치 소희 착용] 펌프스 412131001 (7cm/4colors) |39500  |41203af8-a8c5-45ed-9be1-01ddbdc89528_1000000529.jpg |thumbnail-41203af8-a8c5-45ed-9be1-01ddbdc89528_1000000529.jpg |
|591  |[★김연아 착용]펌프스 412131003 (7cm/4colors)      |43450  |397436a2-5182-4f6d-9924-f0b22d00226c_1000000537.jpg |thumbnail-397436a2-5182-4f6d-9924-f0b22d00226c_1000000537.jpg |
|590  |펌프스 412131002 (5cm/4colors)               |43450  |a25b6ce7-66f9-4212-aa74-39a3b4b060ff_1000000538.jpg |thumbnail-a25b6ce7-66f9-4212-aa74-39a3b4b060ff_1000000538.jpg |
|-----|------------------------------------------|-------|----------------------------------------------------|--------------------------------------------------------------|

2022-06-04 22:57:43.451 [INFO ] [net.sf.log4jdbc.log.slf4j.Slf4jSpyLogDelegator] [http-nio-0.0.0.0-8080-exec-6] -- 1. ResultSet.next() returned false
2022-06-04 22:57:43.451 [INFO ] [net.sf.log4jdbc.log.slf4j.Slf4jSpyLogDelegator] [http-nio-0.0.0.0-8080-exec-6] -- 1. ResultSet.close() returned void
2022-06-04 22:57:43.451 [INFO ] [net.sf.log4jdbc.log.slf4j.Slf4jSpyLogDelegator] [http-nio-0.0.0.0-8080-exec-6] -- 1. Connection.getMetaData() returned oracle.jdbc.driver.OracleDatabaseMetaData@5753b323
2022-06-04 22:57:43.451 [INFO ] [net.sf.log4jdbc.log.slf4j.Slf4jSpyLogDelegator] [http-nio-0.0.0.0-8080-exec-6] -- 1. PreparedStatement.isClosed() returned false
2022-06-04 22:57:43.451 [INFO ] [net.sf.log4jdbc.log.slf4j.Slf4jSpyLogDelegator] [http-nio-0.0.0.0-8080-exec-6] -- 1. PreparedStatement.close() returned 
2022-06-04 22:57:43.452 [INFO ] [net.sf.log4jdbc.log.slf4j.Slf4jSpyLogDelegator] [http-nio-0.0.0.0-8080-exec-6] -- 1. Connection.commit() returned 
2022-06-04 22:57:43.452 [INFO ] [net.sf.log4jdbc.log.slf4j.Slf4jSpyLogDelegator] [http-nio-0.0.0.0-8080-exec-6] -- 1. Connection.setAutoCommit(true) returned 
2022-06-04 22:57:43.452 [INFO ] [net.sf.log4jdbc.log.slf4j.Slf4jSpyLogDelegator] [http-nio-0.0.0.0-8080-exec-6] -- 1. Connection.isReadOnly() returned false
2022-06-04 22:57:43.452 [INFO ] [net.sf.log4jdbc.log.slf4j.Slf4jSpyLogDelegator] [http-nio-0.0.0.0-8080-exec-6] -- 1. Connection.clearWarnings() returned 
2022-06-04 22:59:20.160 [INFO ] [org.springframework.context.support.AbstractApplicationContext] [Catalina-utility-1] -- Closing WebApplicationContext for namespace 'appServlet-servlet': startup date [Sat Jun 04 22:56:23 KST 2022]; parent: Root WebApplicationContext
2022-06-04 22:59:20.167 [INFO ] [org.springframework.context.support.AbstractApplicationContext] [Catalina-utility-1] -- Closing Root WebApplicationContext: startup date [Sat Jun 04 22:56:20 KST 2022]; root of context hierarchy
2022-06-04 22:59:20.168 [INFO ] [com.zaxxer.hikari.HikariDataSource] [Catalina-utility-1] -- HikariPool-1 - Shutdown initiated...
2022-06-04 22:59:20.171 [INFO ] [net.sf.log4jdbc.log.slf4j.Slf4jSpyLogDelegator] [HikariPool-1 connection closer] -- 1. Connection closed
2022-06-04 22:59:20.171 [INFO ] [net.sf.log4jdbc.log.slf4j.Slf4jSpyLogDelegator] [HikariPool-1 connection closer] -- 1. Connection.close() returned 
2022-06-04 22:59:20.172 [INFO ] [net.sf.log4jdbc.log.slf4j.Slf4jSpyLogDelegator] [HikariPool-1 connection closer] -- 2. Connection closed
2022-06-04 22:59:20.172 [INFO ] [net.sf.log4jdbc.log.slf4j.Slf4jSpyLogDelegator] [HikariPool-1 connection closer] -- 2. Connection.close() returned 
2022-06-04 22:59:20.173 [INFO ] [net.sf.log4jdbc.log.slf4j.Slf4jSpyLogDelegator] [HikariPool-1 connection closer] -- 3. Connection closed
2022-06-04 22:59:20.173 [INFO ] [net.sf.log4jdbc.log.slf4j.Slf4jSpyLogDelegator] [HikariPool-1 connection closer] -- 3. Connection.close() returned 
2022-06-04 22:59:20.173 [INFO ] [net.sf.log4jdbc.log.slf4j.Slf4jSpyLogDelegator] [HikariPool-1 connection closer] -- 4. Connection closed
2022-06-04 22:59:20.173 [INFO ] [net.sf.log4jdbc.log.slf4j.Slf4jSpyLogDelegator] [HikariPool-1 connection closer] -- 4. Connection.close() returned 
2022-06-04 22:59:20.174 [INFO ] [net.sf.log4jdbc.log.slf4j.Slf4jSpyLogDelegator] [HikariPool-1 connection closer] -- 5. Connection closed
2022-06-04 22:59:20.174 [INFO ] [net.sf.log4jdbc.log.slf4j.Slf4jSpyLogDelegator] [HikariPool-1 connection closer] -- 5. Connection.close() returned 
2022-06-04 22:59:20.175 [INFO ] [net.sf.log4jdbc.log.slf4j.Slf4jSpyLogDelegator] [HikariPool-1 connection closer] -- 6. Connection closed
2022-06-04 22:59:20.175 [INFO ] [net.sf.log4jdbc.log.slf4j.Slf4jSpyLogDelegator] [HikariPool-1 connection closer] -- 6. Connection.close() returned 
2022-06-04 22:59:20.175 [INFO ] [net.sf.log4jdbc.log.slf4j.Slf4jSpyLogDelegator] [HikariPool-1 connection closer] -- 7. Connection closed
2022-06-04 22:59:20.175 [INFO ] [net.sf.log4jdbc.log.slf4j.Slf4jSpyLogDelegator] [HikariPool-1 connection closer] -- 7. Connection.close() returned 
2022-06-04 22:59:20.176 [INFO ] [net.sf.log4jdbc.log.slf4j.Slf4jSpyLogDelegator] [HikariPool-1 connection closer] -- 8. Connection closed
2022-06-04 22:59:20.176 [INFO ] [net.sf.log4jdbc.log.slf4j.Slf4jSpyLogDelegator] [HikariPool-1 connection closer] -- 8. Connection.close() returned 
2022-06-04 22:59:20.177 [INFO ] [net.sf.log4jdbc.log.slf4j.Slf4jSpyLogDelegator] [HikariPool-1 connection closer] -- 9. Connection closed
2022-06-04 22:59:20.177 [INFO ] [net.sf.log4jdbc.log.slf4j.Slf4jSpyLogDelegator] [HikariPool-1 connection closer] -- 9. Connection.close() returned 
2022-06-04 22:59:20.177 [INFO ] [net.sf.log4jdbc.log.slf4j.Slf4jSpyLogDelegator] [HikariPool-1 connection closer] -- 10. Connection closed
2022-06-04 22:59:20.178 [INFO ] [net.sf.log4jdbc.log.slf4j.Slf4jSpyLogDelegator] [HikariPool-1 connection closer] -- 10. Connection.close() returned 
2022-06-04 22:59:20.178 [INFO ] [com.zaxxer.hikari.HikariDataSource] [Catalina-utility-1] -- HikariPool-1 - Shutdown completed.
2022-06-04 22:59:27.066 [INFO ] [org.springframework.web.context.ContextLoader] [Catalina-utility-1] -- Root WebApplicationContext: initialization started
2022-06-04 22:59:27.198 [INFO ] [org.springframework.context.support.AbstractApplicationContext] [Catalina-utility-1] -- Refreshing Root WebApplicationContext: startup date [Sat Jun 04 22:59:27 KST 2022]; root of context hierarchy
2022-06-04 22:59:27.301 [INFO ] [org.springframework.beans.factory.xml.XmlBeanDefinitionReader] [Catalina-utility-1] -- Loading XML bean definitions from file [C:\develop\work_space\project\.metadata\.plugins\org.eclipse.wst.server.core\tmp0\wtpwebapps\mall_project\WEB-INF\classes\spring\db-context.xml]
2022-06-04 22:59:27.589 [INFO ] [org.springframework.beans.factory.xml.XmlBeanDefinitionReader] [Catalina-utility-1] -- Loading XML bean definitions from file [C:\develop\work_space\project\.metadata\.plugins\org.eclipse.wst.server.core\tmp0\wtpwebapps\mall_project\WEB-INF\classes\spring\fileUpload-context.xml]
2022-06-04 22:59:27.830 [INFO ] [org.springframework.beans.factory.annotation.AutowiredAnnotationBeanPostProcessor] [Catalina-utility-1] -- JSR-330 'javax.inject.Inject' annotation found and supported for autowiring
2022-06-04 22:59:28.186 [INFO ] [com.zaxxer.hikari.HikariDataSource] [Catalina-utility-1] -- HikariPool-2 - Starting...
2022-06-04 22:59:28.609 [INFO ] [net.sf.log4jdbc.log.slf4j.Slf4jSpyLogDelegator] [Catalina-utility-1] -- 1. Connection opened
2022-06-04 22:59:28.610 [INFO ] [net.sf.log4jdbc.log.slf4j.Slf4jSpyLogDelegator] [Catalina-utility-1] -- 1. Connection.new Connection returned 
2022-06-04 22:59:28.610 [INFO ] [com.zaxxer.hikari.pool.PoolBase] [Catalina-utility-1] -- HikariPool-2 - Driver does not support get/set network timeout for connections. (net.sf.log4jdbc.sql.jdbcapi.ConnectionSpy.getNetworkTimeout()I)
2022-06-04 22:59:28.610 [INFO ] [net.sf.log4jdbc.log.slf4j.Slf4jSpyLogDelegator] [Catalina-utility-1] -- 1. Connection.isReadOnly() returned false
2022-06-04 22:59:28.610 [INFO ] [net.sf.log4jdbc.log.slf4j.Slf4jSpyLogDelegator] [Catalina-utility-1] -- 1. Connection.getAutoCommit() returned true
2022-06-04 22:59:28.611 [INFO ] [net.sf.log4jdbc.log.slf4j.Slf4jSpyLogDelegator] [Catalina-utility-1] -- 1. Connection.isValid(1) returned true
2022-06-04 22:59:28.611 [INFO ] [net.sf.log4jdbc.log.slf4j.Slf4jSpyLogDelegator] [Catalina-utility-1] -- 1. Connection.getTransactionIsolation() returned 2
2022-06-04 22:59:28.616 [INFO ] [com.zaxxer.hikari.HikariDataSource] [Catalina-utility-1] -- HikariPool-2 - Start completed.
2022-06-04 22:59:28.752 [INFO ] [net.sf.log4jdbc.log.slf4j.Slf4jSpyLogDelegator] [HikariPool-2 connection adder] -- 2. Connection opened
2022-06-04 22:59:28.753 [INFO ] [net.sf.log4jdbc.log.slf4j.Slf4jSpyLogDelegator] [HikariPool-2 connection adder] -- 2. Connection.new Connection returned 
2022-06-04 22:59:28.753 [INFO ] [net.sf.log4jdbc.log.slf4j.Slf4jSpyLogDelegator] [HikariPool-2 connection adder] -- 2. Connection.isReadOnly() returned false
2022-06-04 22:59:28.753 [INFO ] [net.sf.log4jdbc.log.slf4j.Slf4jSpyLogDelegator] [HikariPool-2 connection adder] -- 2. Connection.getAutoCommit() returned true
2022-06-04 22:59:28.778 [INFO ] [net.sf.log4jdbc.log.slf4j.Slf4jSpyLogDelegator] [HikariPool-2 connection adder] -- 3. Connection opened
2022-06-04 22:59:28.779 [INFO ] [net.sf.log4jdbc.log.slf4j.Slf4jSpyLogDelegator] [HikariPool-2 connection adder] -- 3. Connection.new Connection returned 
2022-06-04 22:59:28.779 [INFO ] [net.sf.log4jdbc.log.slf4j.Slf4jSpyLogDelegator] [HikariPool-2 connection adder] -- 3. Connection.isReadOnly() returned false
2022-06-04 22:59:28.779 [INFO ] [net.sf.log4jdbc.log.slf4j.Slf4jSpyLogDelegator] [HikariPool-2 connection adder] -- 3. Connection.getAutoCommit() returned true
2022-06-04 22:59:28.805 [INFO ] [net.sf.log4jdbc.log.slf4j.Slf4jSpyLogDelegator] [HikariPool-2 connection adder] -- 4. Connection opened
2022-06-04 22:59:28.805 [INFO ] [net.sf.log4jdbc.log.slf4j.Slf4jSpyLogDelegator] [HikariPool-2 connection adder] -- 4. Connection.new Connection returned 
2022-06-04 22:59:28.805 [INFO ] [net.sf.log4jdbc.log.slf4j.Slf4jSpyLogDelegator] [HikariPool-2 connection adder] -- 4. Connection.isReadOnly() returned false
2022-06-04 22:59:28.805 [INFO ] [net.sf.log4jdbc.log.slf4j.Slf4jSpyLogDelegator] [HikariPool-2 connection adder] -- 4. Connection.getAutoCommit() returned true
2022-06-04 22:59:28.832 [INFO ] [net.sf.log4jdbc.log.slf4j.Slf4jSpyLogDelegator] [HikariPool-2 connection adder] -- 5. Connection opened
2022-06-04 22:59:28.832 [INFO ] [net.sf.log4jdbc.log.slf4j.Slf4jSpyLogDelegator] [HikariPool-2 connection adder] -- 5. Connection.new Connection returned 
2022-06-04 22:59:28.833 [INFO ] [net.sf.log4jdbc.log.slf4j.Slf4jSpyLogDelegator] [HikariPool-2 connection adder] -- 5. Connection.isReadOnly() returned false
2022-06-04 22:59:28.833 [INFO ] [net.sf.log4jdbc.log.slf4j.Slf4jSpyLogDelegator] [HikariPool-2 connection adder] -- 5. Connection.getAutoCommit() returned true
2022-06-04 22:59:28.862 [INFO ] [net.sf.log4jdbc.log.slf4j.Slf4jSpyLogDelegator] [HikariPool-2 connection adder] -- 6. Connection opened
2022-06-04 22:59:28.862 [INFO ] [net.sf.log4jdbc.log.slf4j.Slf4jSpyLogDelegator] [HikariPool-2 connection adder] -- 6. Connection.new Connection returned 
2022-06-04 22:59:28.862 [INFO ] [net.sf.log4jdbc.log.slf4j.Slf4jSpyLogDelegator] [HikariPool-2 connection adder] -- 6. Connection.isReadOnly() returned false
2022-06-04 22:59:28.862 [INFO ] [net.sf.log4jdbc.log.slf4j.Slf4jSpyLogDelegator] [HikariPool-2 connection adder] -- 6. Connection.getAutoCommit() returned true
2022-06-04 22:59:28.891 [INFO ] [net.sf.log4jdbc.log.slf4j.Slf4jSpyLogDelegator] [HikariPool-2 connection adder] -- 7. Connection opened
2022-06-04 22:59:28.891 [INFO ] [net.sf.log4jdbc.log.slf4j.Slf4jSpyLogDelegator] [HikariPool-2 connection adder] -- 7. Connection.new Connection returned 
2022-06-04 22:59:28.891 [INFO ] [net.sf.log4jdbc.log.slf4j.Slf4jSpyLogDelegator] [HikariPool-2 connection adder] -- 7. Connection.isReadOnly() returned false
2022-06-04 22:59:28.891 [INFO ] [net.sf.log4jdbc.log.slf4j.Slf4jSpyLogDelegator] [HikariPool-2 connection adder] -- 7. Connection.getAutoCommit() returned true
2022-06-04 22:59:28.919 [INFO ] [net.sf.log4jdbc.log.slf4j.Slf4jSpyLogDelegator] [HikariPool-2 connection adder] -- 8. Connection opened
2022-06-04 22:59:28.920 [INFO ] [net.sf.log4jdbc.log.slf4j.Slf4jSpyLogDelegator] [HikariPool-2 connection adder] -- 8. Connection.new Connection returned 
2022-06-04 22:59:28.920 [INFO ] [net.sf.log4jdbc.log.slf4j.Slf4jSpyLogDelegator] [HikariPool-2 connection adder] -- 8. Connection.isReadOnly() returned false
2022-06-04 22:59:28.920 [INFO ] [net.sf.log4jdbc.log.slf4j.Slf4jSpyLogDelegator] [HikariPool-2 connection adder] -- 8. Connection.getAutoCommit() returned true
2022-06-04 22:59:28.946 [INFO ] [net.sf.log4jdbc.log.slf4j.Slf4jSpyLogDelegator] [HikariPool-2 connection adder] -- 9. Connection opened
2022-06-04 22:59:28.946 [INFO ] [net.sf.log4jdbc.log.slf4j.Slf4jSpyLogDelegator] [HikariPool-2 connection adder] -- 9. Connection.new Connection returned 
2022-06-04 22:59:28.947 [INFO ] [net.sf.log4jdbc.log.slf4j.Slf4jSpyLogDelegator] [HikariPool-2 connection adder] -- 9. Connection.isReadOnly() returned false
2022-06-04 22:59:28.947 [INFO ] [net.sf.log4jdbc.log.slf4j.Slf4jSpyLogDelegator] [HikariPool-2 connection adder] -- 9. Connection.getAutoCommit() returned true
2022-06-04 22:59:28.972 [INFO ] [net.sf.log4jdbc.log.slf4j.Slf4jSpyLogDelegator] [HikariPool-2 connection adder] -- 10. Connection opened
2022-06-04 22:59:28.973 [INFO ] [net.sf.log4jdbc.log.slf4j.Slf4jSpyLogDelegator] [HikariPool-2 connection adder] -- 10. Connection.new Connection returned 
2022-06-04 22:59:28.973 [INFO ] [net.sf.log4jdbc.log.slf4j.Slf4jSpyLogDelegator] [HikariPool-2 connection adder] -- 10. Connection.isReadOnly() returned false
2022-06-04 22:59:28.973 [INFO ] [net.sf.log4jdbc.log.slf4j.Slf4jSpyLogDelegator] [HikariPool-2 connection adder] -- 10. Connection.getAutoCommit() returned true
2022-06-04 22:59:29.489 [INFO ] [org.springframework.web.context.ContextLoader] [Catalina-utility-1] -- Root WebApplicationContext: initialization completed in 2409 ms
2022-06-04 22:59:29.540 [INFO ] [org.springframework.web.servlet.FrameworkServlet] [Catalina-utility-1] -- FrameworkServlet 'appServlet': initialization started
2022-06-04 22:59:29.543 [INFO ] [org.springframework.context.support.AbstractApplicationContext] [Catalina-utility-1] -- Refreshing WebApplicationContext for namespace 'appServlet-servlet': startup date [Sat Jun 04 22:59:29 KST 2022]; parent: Root WebApplicationContext
2022-06-04 22:59:29.544 [INFO ] [org.springframework.beans.factory.xml.XmlBeanDefinitionReader] [Catalina-utility-1] -- Loading XML bean definitions from ServletContext resource [/WEB-INF/spring/appServlet/servlet-context.xml]
2022-06-04 22:59:29.821 [INFO ] [org.springframework.beans.factory.annotation.AutowiredAnnotationBeanPostProcessor] [Catalina-utility-1] -- JSR-330 'javax.inject.Inject' annotation found and supported for autowiring
2022-06-04 22:59:30.137 [INFO ] [org.springframework.web.servlet.handler.AbstractHandlerMethodMapping$MappingRegistry] [Catalina-utility-1] -- Mapped "{[/admin/home]}" onto public java.lang.String com.javateam.project.controller.AdminController.home()
2022-06-04 22:59:30.138 [INFO ] [org.springframework.web.servlet.handler.AbstractHandlerMethodMapping$MappingRegistry] [Catalina-utility-1] -- Mapped "{[/admin/product/productUpdateProc],methods=[POST]}" onto public java.lang.String com.javateam.project.controller.AdminController.productUpdateProc(com.javateam.project.domain.ProductDTO,javax.servlet.http.HttpSession,org.springframework.ui.Model)
2022-06-04 22:59:30.139 [INFO ] [org.springframework.web.servlet.handler.AbstractHandlerMethodMapping$MappingRegistry] [Catalina-utility-1] -- Mapped "{[/admin/product/searchProductList],methods=[GET]}" onto public java.lang.String com.javateam.project.controller.AdminController.searchProductList(int,int,java.lang.String,java.lang.String,java.lang.String,org.springframework.ui.Model)
2022-06-04 22:59:30.139 [INFO ] [org.springframework.web.servlet.handler.AbstractHandlerMethodMapping$MappingRegistry] [Catalina-utility-1] -- Mapped "{[/admin/product/productRegistProc],methods=[POST]}" onto public java.lang.String com.javateam.project.controller.AdminController.productRegistProc(com.javateam.project.domain.ProductDTO,org.springframework.ui.Model)
2022-06-04 22:59:30.139 [INFO ] [org.springframework.web.servlet.handler.AbstractHandlerMethodMapping$MappingRegistry] [Catalina-utility-1] -- Mapped "{[/admin/product/productRegist],methods=[GET]}" onto public java.lang.String com.javateam.project.controller.AdminController.productRegist(org.springframework.ui.Model)
2022-06-04 22:59:30.139 [INFO ] [org.springframework.web.servlet.handler.AbstractHandlerMethodMapping$MappingRegistry] [Catalina-utility-1] -- Mapped "{[/admin/product/productDetail],methods=[GET]}" onto public java.lang.String com.javateam.project.controller.AdminController.productDetail(int,int,org.springframework.ui.Model)
2022-06-04 22:59:30.140 [INFO ] [org.springframework.web.servlet.handler.AbstractHandlerMethodMapping$MappingRegistry] [Catalina-utility-1] -- Mapped "{[/admin/member/memberList]}" onto public java.lang.String com.javateam.project.controller.AdminController.memberList(int,int,org.springframework.ui.Model)
2022-06-04 22:59:30.140 [INFO ] [org.springframework.web.servlet.handler.AbstractHandlerMethodMapping$MappingRegistry] [Catalina-utility-1] -- Mapped "{[/admin/member/searchMemberList]}" onto public java.lang.String com.javateam.project.controller.AdminController.searchMemberList(int,int,java.lang.String,java.lang.String,org.springframework.ui.Model)
2022-06-04 22:59:30.140 [INFO ] [org.springframework.web.servlet.handler.AbstractHandlerMethodMapping$MappingRegistry] [Catalina-utility-1] -- Mapped "{[/admin/product/productList],methods=[GET]}" onto public java.lang.String com.javateam.project.controller.AdminController.productList(int,int,org.springframework.ui.Model)
2022-06-04 22:59:30.140 [INFO ] [org.springframework.web.servlet.handler.AbstractHandlerMethodMapping$MappingRegistry] [Catalina-utility-1] -- Mapped "{[/admin/product/productUpdate],methods=[GET]}" onto public java.lang.String com.javateam.project.controller.AdminController.productUpdate(int,javax.servlet.http.HttpSession,org.springframework.ui.Model)
2022-06-04 22:59:30.141 [INFO ] [org.springframework.web.servlet.handler.AbstractHandlerMethodMapping$MappingRegistry] [Catalina-utility-1] -- Mapped "{[/admin/order/orderList]}" onto public java.lang.String com.javateam.project.controller.AdminOrderController.orderList(java.lang.String,org.springframework.ui.Model)
2022-06-04 22:59:30.141 [INFO ] [org.springframework.web.servlet.handler.AbstractHandlerMethodMapping$MappingRegistry] [Catalina-utility-1] -- Mapped "{[/admin/order/orderSave]}" onto public java.lang.String com.javateam.project.controller.AdminOrderController.orderSave(int[])
2022-06-04 22:59:30.145 [INFO ] [org.springframework.web.servlet.handler.AbstractHandlerMethodMapping$MappingRegistry] [Catalina-utility-1] -- Mapped "{[/admin/product/updateUseYN],methods=[GET],produces=[text/plain;charset=UTF-8]}" onto public org.springframework.http.ResponseEntity<java.lang.String> com.javateam.project.controller.AdminProductRestController.updateUseYN(int,java.lang.String)
2022-06-04 22:59:30.145 [INFO ] [org.springframework.web.servlet.handler.AbstractHandlerMethodMapping$MappingRegistry] [Catalina-utility-1] -- Mapped "{[/admin/product/updateBestYN],methods=[GET],produces=[text/plain;charset=UTF-8]}" onto public org.springframework.http.ResponseEntity<java.lang.String> com.javateam.project.controller.AdminProductRestController.updateBestYN(int,java.lang.String)
2022-06-04 22:59:30.146 [INFO ] [org.springframework.web.servlet.handler.AbstractHandlerMethodMapping$MappingRegistry] [Catalina-utility-1] -- Mapped "{[/admin/qna/qnaDetailForm]}" onto public java.lang.String com.javateam.project.controller.AdminQnaController.qnaDetail(int,org.springframework.ui.Model)
2022-06-04 22:59:30.146 [INFO ] [org.springframework.web.servlet.handler.AbstractHandlerMethodMapping$MappingRegistry] [Catalina-utility-1] -- Mapped "{[/admin/qna/qnaList]}" onto public java.lang.String com.javateam.project.controller.AdminQnaController.qnaList(int,int,org.springframework.ui.Model)
2022-06-04 22:59:30.146 [INFO ] [org.springframework.web.servlet.handler.AbstractHandlerMethodMapping$MappingRegistry] [Catalina-utility-1] -- Mapped "{[/admin/qna/qnaRepsave]}" onto public java.lang.String com.javateam.project.controller.AdminQnaController.qnaRepsave(int,java.lang.String,org.springframework.ui.Model)
2022-06-04 22:59:30.147 [INFO ] [org.springframework.web.servlet.handler.AbstractHandlerMethodMapping$MappingRegistry] [Catalina-utility-1] -- Mapped "{[/cart/cartList],methods=[GET]}" onto public java.lang.String com.javateam.project.controller.CartController.cartList(javax.servlet.http.HttpSession,org.springframework.ui.Model)
2022-06-04 22:59:30.147 [INFO ] [org.springframework.web.servlet.handler.AbstractHandlerMethodMapping$MappingRegistry] [Catalina-utility-1] -- Mapped "{[/cart/cartUpdate]}" onto public java.lang.String com.javateam.project.controller.CartController.cartUpdate(int[],int[],int[],javax.servlet.http.HttpSession,org.springframework.ui.Model)
2022-06-04 22:59:30.148 [INFO ] [org.springframework.web.servlet.handler.AbstractHandlerMethodMapping$MappingRegistry] [Catalina-utility-1] -- Mapped "{[/cart/cartDelete]}" onto public java.lang.String com.javateam.project.controller.CartController.cartDelete(int[],org.springframework.ui.Model)
2022-06-04 22:59:30.148 [INFO ] [org.springframework.web.servlet.handler.AbstractHandlerMethodMapping$MappingRegistry] [Catalina-utility-1] -- Mapped "{[/cart/cartInsert]}" onto public java.lang.String com.javateam.project.controller.CartController.cartInsert(int,int,javax.servlet.http.HttpSession,org.springframework.ui.Model)
2022-06-04 22:59:30.148 [INFO ] [org.springframework.web.servlet.handler.AbstractHandlerMethodMapping$MappingRegistry] [Catalina-utility-1] -- Mapped "{[/index]}" onto public java.lang.String com.javateam.project.controller.HomeController.index(javax.servlet.http.HttpServletRequest,org.springframework.ui.Model)
2022-06-04 22:59:30.148 [INFO ] [org.springframework.web.servlet.handler.AbstractHandlerMethodMapping$MappingRegistry] [Catalina-utility-1] -- Mapped "{[/]}" onto public java.lang.String com.javateam.project.controller.HomeController.home()
2022-06-04 22:59:30.150 [INFO ] [org.springframework.web.servlet.handler.AbstractHandlerMethodMapping$MappingRegistry] [Catalina-utility-1] -- Mapped "{[/login/logout],methods=[GET]}" onto public java.lang.String com.javateam.project.controller.LoginController.logout(javax.servlet.http.HttpSession)
2022-06-04 22:59:30.151 [INFO ] [org.springframework.web.servlet.handler.AbstractHandlerMethodMapping$MappingRegistry] [Catalina-utility-1] -- Mapped "{[/login/login_proc],methods=[POST]}" onto public java.lang.String com.javateam.project.controller.LoginController.loginProc(java.lang.String,java.lang.String,org.springframework.ui.Model,javax.servlet.http.HttpSession,org.springframework.web.servlet.mvc.support.RedirectAttributes)
2022-06-04 22:59:30.151 [INFO ] [org.springframework.web.servlet.handler.AbstractHandlerMethodMapping$MappingRegistry] [Catalina-utility-1] -- Mapped "{[/login/login_form]}" onto public org.springframework.web.servlet.ModelAndView com.javateam.project.controller.LoginController.loginForm()
2022-06-04 22:59:30.156 [INFO ] [org.springframework.web.servlet.handler.AbstractHandlerMethodMapping$MappingRegistry] [Catalina-utility-1] -- Mapped "{[/member/checkInactiveMember],methods=[GET]}" onto public java.lang.String com.javateam.project.controller.MemberController.checkInActiveMember()
2022-06-04 22:59:30.156 [INFO ] [org.springframework.web.servlet.handler.AbstractHandlerMethodMapping$MappingRegistry] [Catalina-utility-1] -- Mapped "{[/member/check_inactive_member_proc],methods=[POST]}" onto public java.lang.String com.javateam.project.controller.MemberController.checkInactiveMemberProc(com.javateam.project.domain.MemberVO,org.springframework.ui.Model)
2022-06-04 22:59:30.156 [INFO ] [org.springframework.web.servlet.handler.AbstractHandlerMethodMapping$MappingRegistry] [Catalina-utility-1] -- Mapped "{[/member/member_inactive]}" onto public java.lang.String com.javateam.project.controller.MemberController.memberInactiveProc(javax.servlet.http.HttpSession,org.springframework.ui.Model)
2022-06-04 22:59:30.156 [INFO ] [org.springframework.web.servlet.handler.AbstractHandlerMethodMapping$MappingRegistry] [Catalina-utility-1] -- Mapped "{[/member/contract]}" onto public java.lang.String com.javateam.project.controller.MemberController.constract()
2022-06-04 22:59:30.157 [INFO ] [org.springframework.web.servlet.handler.AbstractHandlerMethodMapping$MappingRegistry] [Catalina-utility-1] -- Mapped "{[/member/join_form]}" onto public java.lang.String com.javateam.project.controller.MemberController.joinForm(java.lang.String)
2022-06-04 22:59:30.157 [INFO ] [org.springframework.web.servlet.handler.AbstractHandlerMethodMapping$MappingRegistry] [Catalina-utility-1] -- Mapped "{[/member/join_proc],methods=[POST]}" onto public java.lang.String com.javateam.project.controller.MemberController.joinProc(com.javateam.project.domain.MemberVO)
2022-06-04 22:59:30.157 [INFO ] [org.springframework.web.servlet.handler.AbstractHandlerMethodMapping$MappingRegistry] [Catalina-utility-1] -- Mapped "{[/member/member_info],methods=[GET]}" onto public java.lang.String com.javateam.project.controller.MemberController.memberInfo()
2022-06-04 22:59:30.157 [INFO ] [org.springframework.web.servlet.handler.AbstractHandlerMethodMapping$MappingRegistry] [Catalina-utility-1] -- Mapped "{[/member/update_proc],methods=[POST]}" onto public java.lang.String com.javateam.project.controller.MemberController.updateProc(com.javateam.project.domain.MemberDTO,org.springframework.validation.BindingResult,org.springframework.web.servlet.mvc.support.RedirectAttributes,javax.servlet.http.HttpSession)
2022-06-04 22:59:30.157 [INFO ] [org.springframework.web.servlet.handler.AbstractHandlerMethodMapping$MappingRegistry] [Catalina-utility-1] -- Mapped "{[/member/member_update],methods=[GET]}" onto public java.lang.String com.javateam.project.controller.MemberController.memberUpdate()
2022-06-04 22:59:30.161 [INFO ] [org.springframework.web.servlet.handler.AbstractHandlerMethodMapping$MappingRegistry] [Catalina-utility-1] -- Mapped "{[/member/phone_check_update],methods=[GET],produces=[text/plain;charset=UTF-8]}" onto public org.springframework.http.ResponseEntity<java.lang.String> com.javateam.project.controller.MemberRestController.phoneCheckOnUpdate(java.lang.String,java.lang.String)
2022-06-04 22:59:30.162 [INFO ] [org.springframework.web.servlet.handler.AbstractHandlerMethodMapping$MappingRegistry] [Catalina-utility-1] -- Mapped "{[/member/email_check_update],methods=[GET],produces=[text/plain;charset=UTF-8]}" onto public org.springframework.http.ResponseEntity<java.lang.String> com.javateam.project.controller.MemberRestController.emailCheckOnUpdate(java.lang.String,java.lang.String)
2022-06-04 22:59:30.162 [INFO ] [org.springframework.web.servlet.handler.AbstractHandlerMethodMapping$MappingRegistry] [Catalina-utility-1] -- Mapped "{[/member/member_inactive_admin],methods=[GET],produces=[text/plain;charset=UTF-8]}" onto public org.springframework.http.ResponseEntity<java.lang.String> com.javateam.project.controller.MemberRestController.memberInactiveByAdmin(java.lang.String)
2022-06-04 22:59:30.162 [INFO ] [org.springframework.web.servlet.handler.AbstractHandlerMethodMapping$MappingRegistry] [Catalina-utility-1] -- Mapped "{[/member/zip_address_update],methods=[GET],produces=[text/plain;charset=UTF-8]}" onto public org.springframework.http.ResponseEntity<java.lang.String> com.javateam.project.controller.MemberRestController.zipAddress1Update(java.lang.String,java.lang.String,java.lang.String,java.lang.String)
2022-06-04 22:59:30.162 [INFO ] [org.springframework.web.servlet.handler.AbstractHandlerMethodMapping$MappingRegistry] [Catalina-utility-1] -- Mapped "{[/member/email_check],methods=[GET],produces=[text/plain;charset=UTF-8]}" onto public org.springframework.http.ResponseEntity<java.lang.String> com.javateam.project.controller.MemberRestController.emailCheck(java.lang.String)
2022-06-04 22:59:30.163 [INFO ] [org.springframework.web.servlet.handler.AbstractHandlerMethodMapping$MappingRegistry] [Catalina-utility-1] -- Mapped "{[/member/phone_check],methods=[GET],produces=[text/plain;charset=UTF-8]}" onto public org.springframework.http.ResponseEntity<java.lang.String> com.javateam.project.controller.MemberRestController.phoneCheck(java.lang.String)
2022-06-04 22:59:30.163 [INFO ] [org.springframework.web.servlet.handler.AbstractHandlerMethodMapping$MappingRegistry] [Catalina-utility-1] -- Mapped "{[/member/id_check],methods=[GET],produces=[text/plain;charset=UTF-8]}" onto public org.springframework.http.ResponseEntity<java.lang.String> com.javateam.project.controller.MemberRestController.idCheck(java.lang.String)
2022-06-04 22:59:30.163 [INFO ] [org.springframework.web.servlet.handler.AbstractHandlerMethodMapping$MappingRegistry] [Catalina-utility-1] -- Mapped "{[/member/update_role],methods=[GET],produces=[text/plain;charset=UTF-8]}" onto public org.springframework.http.ResponseEntity<java.lang.String> com.javateam.project.controller.MemberRestController.updateRole(java.lang.String,java.lang.String)
2022-06-04 22:59:30.163 [INFO ] [org.springframework.web.servlet.handler.AbstractHandlerMethodMapping$MappingRegistry] [Catalina-utility-1] -- Mapped "{[/member/phone_update],methods=[GET],produces=[text/plain;charset=UTF-8]}" onto public org.springframework.http.ResponseEntity<java.lang.String> com.javateam.project.controller.MemberRestController.phoneUpdate(java.lang.String,java.lang.String)
2022-06-04 22:59:30.163 [INFO ] [org.springframework.web.servlet.handler.AbstractHandlerMethodMapping$MappingRegistry] [Catalina-utility-1] -- Mapped "{[/member/address2_update],methods=[GET],produces=[text/plain;charset=UTF-8]}" onto public org.springframework.http.ResponseEntity<java.lang.String> com.javateam.project.controller.MemberRestController.address2Update(java.lang.String,java.lang.String)
2022-06-04 22:59:30.164 [INFO ] [org.springframework.web.servlet.handler.AbstractHandlerMethodMapping$MappingRegistry] [Catalina-utility-1] -- Mapped "{[/member/member_view],methods=[GET],produces=[application/json;charset=UTF-8]}" onto public org.springframework.http.ResponseEntity<com.javateam.project.domain.MemberVO> com.javateam.project.controller.MemberRestController.memberView(java.lang.String)
2022-06-04 22:59:30.164 [INFO ] [org.springframework.web.servlet.handler.AbstractHandlerMethodMapping$MappingRegistry] [Catalina-utility-1] -- Mapped "{[/member/email_update],methods=[GET],produces=[text/plain;charset=UTF-8]}" onto public org.springframework.http.ResponseEntity<java.lang.String> com.javateam.project.controller.MemberRestController.emailUpdate(java.lang.String,java.lang.String)
2022-06-04 22:59:30.165 [INFO ] [org.springframework.web.servlet.handler.AbstractHandlerMethodMapping$MappingRegistry] [Catalina-utility-1] -- Mapped "{[/order/orderInsert]}" onto public java.lang.String com.javateam.project.controller.OrderController.orderInsert(int[],java.lang.String[],int[],int[],javax.servlet.http.HttpSession,org.springframework.ui.Model)
2022-06-04 22:59:30.165 [INFO ] [org.springframework.web.servlet.handler.AbstractHandlerMethodMapping$MappingRegistry] [Catalina-utility-1] -- Mapped "{[/order/orderList]}" onto public java.lang.String com.javateam.project.controller.OrderController.orderlist(int,javax.servlet.http.HttpSession,org.springframework.ui.Model)
2022-06-04 22:59:30.165 [INFO ] [org.springframework.web.servlet.handler.AbstractHandlerMethodMapping$MappingRegistry] [Catalina-utility-1] -- Mapped "{[/order/orderDetail],methods=[GET]}" onto public java.lang.String com.javateam.project.controller.OrderController.orderDetail(int,javax.servlet.http.HttpSession,org.springframework.ui.Model)
2022-06-04 22:59:30.166 [INFO ] [org.springframework.web.servlet.handler.AbstractHandlerMethodMapping$MappingRegistry] [Catalina-utility-1] -- Mapped "{[/order/orderAll],methods=[GET]}" onto public java.lang.String com.javateam.project.controller.OrderController.orderAll(javax.servlet.http.HttpSession,javax.servlet.http.HttpServletRequest)
2022-06-04 22:59:30.166 [INFO ] [org.springframework.web.servlet.handler.AbstractHandlerMethodMapping$MappingRegistry] [Catalina-utility-1] -- Mapped "{[/order/mypage]}" onto public java.lang.String com.javateam.project.controller.OrderController.mypage(javax.servlet.http.HttpSession,org.springframework.ui.Model)
2022-06-04 22:59:30.166 [INFO ] [org.springframework.web.servlet.handler.AbstractHandlerMethodMapping$MappingRegistry] [Catalina-utility-1] -- Mapped "{[/product/category]}" onto public java.lang.String com.javateam.project.controller.ProductKindController.category(int,org.springframework.ui.Model)
2022-06-04 22:59:30.166 [INFO ] [org.springframework.web.servlet.handler.AbstractHandlerMethodMapping$MappingRegistry] [Catalina-utility-1] -- Mapped "{[/product/product_detail]}" onto public java.lang.String com.javateam.project.controller.ProductKindController.productDetail(int,org.springframework.ui.Model)
2022-06-04 22:59:30.167 [INFO ] [org.springframework.web.servlet.handler.AbstractHandlerMethodMapping$MappingRegistry] [Catalina-utility-1] -- Mapped "{[/qna/qnaList]}" onto public java.lang.String com.javateam.project.controller.QnaController.qnaList(javax.servlet.http.HttpSession,org.springframework.ui.Model)
2022-06-04 22:59:30.167 [INFO ] [org.springframework.web.servlet.handler.AbstractHandlerMethodMapping$MappingRegistry] [Catalina-utility-1] -- Mapped "{[/qna/qnaView]}" onto public java.lang.String com.javateam.project.controller.QnaController.qnaView(int,org.springframework.ui.Model)
2022-06-04 22:59:30.168 [INFO ] [org.springframework.web.servlet.handler.AbstractHandlerMethodMapping$MappingRegistry] [Catalina-utility-1] -- Mapped "{[/qna/qnaWriteForm]}" onto public java.lang.String com.javateam.project.controller.QnaController.qnaWriteForm()
2022-06-04 22:59:30.168 [INFO ] [org.springframework.web.servlet.handler.AbstractHandlerMethodMapping$MappingRegistry] [Catalina-utility-1] -- Mapped "{[/qna/qnaWrite]}" onto public java.lang.String com.javateam.project.controller.QnaController.qnaWrite(com.javateam.project.domain.QnaVO,javax.servlet.http.HttpSession,org.springframework.ui.Model)
2022-06-04 22:59:30.168 [INFO ] [org.springframework.web.servlet.handler.AbstractHandlerMethodMapping$MappingRegistry] [Catalina-utility-1] -- Mapped "{[/demo]}" onto public java.lang.String com.javateam.project.controller.TestController.demo()
2022-06-04 22:59:30.169 [INFO ] [org.springframework.web.servlet.handler.AbstractHandlerMethodMapping$MappingRegistry] [Catalina-utility-1] -- Mapped "{[/bootstrap2]}" onto public java.lang.String com.javateam.project.controller.TestController.demo3()
2022-06-04 22:59:30.169 [INFO ] [org.springframework.web.servlet.handler.AbstractHandlerMethodMapping$MappingRegistry] [Catalina-utility-1] -- Mapped "{[/slide_div]}" onto public java.lang.String com.javateam.project.controller.TestController.slideDiv()
2022-06-04 22:59:30.169 [INFO ] [org.springframework.web.servlet.handler.AbstractHandlerMethodMapping$MappingRegistry] [Catalina-utility-1] -- Mapped "{[/slide_final]}" onto public java.lang.String com.javateam.project.controller.TestController.slideFinal()
2022-06-04 22:59:30.169 [INFO ] [org.springframework.web.servlet.handler.AbstractHandlerMethodMapping$MappingRegistry] [Catalina-utility-1] -- Mapped "{[/slide]}" onto public java.lang.String com.javateam.project.controller.TestController.slide()
2022-06-04 22:59:30.169 [INFO ] [org.springframework.web.servlet.handler.AbstractHandlerMethodMapping$MappingRegistry] [Catalina-utility-1] -- Mapped "{[/bootstrap]}" onto public java.lang.String com.javateam.project.controller.TestController.demo2()
2022-06-04 22:59:30.169 [INFO ] [org.springframework.web.servlet.handler.AbstractHandlerMethodMapping$MappingRegistry] [Catalina-utility-1] -- Mapped "{[/slide2]}" onto public java.lang.String com.javateam.project.controller.TestController.slide2()
2022-06-04 22:59:30.267 [INFO ] [org.hibernate.validator.internal.util.Version] [Catalina-utility-1] -- HV000001: Hibernate Validator 6.2.0.Final
2022-06-04 22:59:31.471 [INFO ] [org.springframework.web.servlet.mvc.method.annotation.RequestMappingHandlerAdapter] [Catalina-utility-1] -- Looking for @ControllerAdvice: WebApplicationContext for namespace 'appServlet-servlet': startup date [Sat Jun 04 22:59:29 KST 2022]; parent: Root WebApplicationContext
2022-06-04 22:59:31.576 [INFO ] [org.springframework.web.servlet.mvc.method.annotation.RequestMappingHandlerAdapter] [Catalina-utility-1] -- Looking for @ControllerAdvice: WebApplicationContext for namespace 'appServlet-servlet': startup date [Sat Jun 04 22:59:29 KST 2022]; parent: Root WebApplicationContext
2022-06-04 22:59:31.681 [INFO ] [org.springframework.web.servlet.handler.AbstractUrlHandlerMapping] [Catalina-utility-1] -- Mapped URL path [/resources/**] onto handler 'org.springframework.web.servlet.resource.ResourceHttpRequestHandler#0'
2022-06-04 22:59:31.683 [INFO ] [org.springframework.web.servlet.handler.AbstractUrlHandlerMapping] [Catalina-utility-1] -- Mapped URL path [/css/**] onto handler 'org.springframework.web.servlet.resource.ResourceHttpRequestHandler#1'
2022-06-04 22:59:31.684 [INFO ] [org.springframework.web.servlet.handler.AbstractUrlHandlerMapping] [Catalina-utility-1] -- Mapped URL path [/js/**] onto handler 'org.springframework.web.servlet.resource.ResourceHttpRequestHandler#2'
2022-06-04 22:59:31.686 [INFO ] [org.springframework.web.servlet.handler.AbstractUrlHandlerMapping] [Catalina-utility-1] -- Mapped URL path [/img/**] onto handler 'org.springframework.web.servlet.resource.ResourceHttpRequestHandler#3'
2022-06-04 22:59:31.687 [INFO ] [org.springframework.web.servlet.handler.AbstractUrlHandlerMapping] [Catalina-utility-1] -- Mapped URL path [/webjars/**] onto handler 'org.springframework.web.servlet.resource.ResourceHttpRequestHandler#4'
2022-06-04 22:59:31.689 [INFO ] [org.springframework.web.servlet.handler.AbstractUrlHandlerMapping] [Catalina-utility-1] -- Mapped URL path [/bootstrap/**] onto handler 'org.springframework.web.servlet.resource.ResourceHttpRequestHandler#5'
2022-06-04 22:59:31.691 [INFO ] [org.springframework.web.servlet.handler.AbstractUrlHandlerMapping] [Catalina-utility-1] -- Mapped URL path [/bootstrap4/**] onto handler 'org.springframework.web.servlet.resource.ResourceHttpRequestHandler#6'
2022-06-04 22:59:31.693 [INFO ] [org.springframework.web.servlet.handler.AbstractUrlHandlerMapping] [Catalina-utility-1] -- Mapped URL path [/jquery/**] onto handler 'org.springframework.web.servlet.resource.ResourceHttpRequestHandler#7'
2022-06-04 22:59:31.696 [INFO ] [org.springframework.web.servlet.handler.AbstractUrlHandlerMapping] [Catalina-utility-1] -- Mapped URL path [/popper/**] onto handler 'org.springframework.web.servlet.resource.ResourceHttpRequestHandler#8'
2022-06-04 22:59:31.698 [INFO ] [org.springframework.web.servlet.handler.AbstractUrlHandlerMapping] [Catalina-utility-1] -- Mapped URL path [/product_images/**] onto handler 'org.springframework.web.servlet.resource.ResourceHttpRequestHandler#9'
2022-06-04 22:59:31.830 [INFO ] [org.springframework.web.servlet.FrameworkServlet] [Catalina-utility-1] -- FrameworkServlet 'appServlet': initialization completed in 2290 ms
2022-06-04 22:59:44.984 [INFO ] [org.springframework.context.support.AbstractApplicationContext] [Catalina-utility-2] -- Closing WebApplicationContext for namespace 'appServlet-servlet': startup date [Sat Jun 04 22:59:29 KST 2022]; parent: Root WebApplicationContext
2022-06-04 22:59:44.989 [INFO ] [org.springframework.context.support.AbstractApplicationContext] [Catalina-utility-2] -- Closing Root WebApplicationContext: startup date [Sat Jun 04 22:59:27 KST 2022]; root of context hierarchy
2022-06-04 22:59:44.989 [INFO ] [com.zaxxer.hikari.HikariDataSource] [Catalina-utility-2] -- HikariPool-2 - Shutdown initiated...
2022-06-04 22:59:44.992 [INFO ] [net.sf.log4jdbc.log.slf4j.Slf4jSpyLogDelegator] [HikariPool-2 connection closer] -- 1. Connection closed
2022-06-04 22:59:44.992 [INFO ] [net.sf.log4jdbc.log.slf4j.Slf4jSpyLogDelegator] [HikariPool-2 connection closer] -- 1. Connection.close() returned 
2022-06-04 22:59:44.993 [INFO ] [net.sf.log4jdbc.log.slf4j.Slf4jSpyLogDelegator] [HikariPool-2 connection closer] -- 2. Connection closed
2022-06-04 22:59:44.994 [INFO ] [net.sf.log4jdbc.log.slf4j.Slf4jSpyLogDelegator] [HikariPool-2 connection closer] -- 2. Connection.close() returned 
2022-06-04 22:59:44.995 [INFO ] [net.sf.log4jdbc.log.slf4j.Slf4jSpyLogDelegator] [HikariPool-2 connection closer] -- 3. Connection closed
2022-06-04 22:59:44.995 [INFO ] [net.sf.log4jdbc.log.slf4j.Slf4jSpyLogDelegator] [HikariPool-2 connection closer] -- 3. Connection.close() returned 
2022-06-04 22:59:44.996 [INFO ] [net.sf.log4jdbc.log.slf4j.Slf4jSpyLogDelegator] [HikariPool-2 connection closer] -- 4. Connection closed
2022-06-04 22:59:44.996 [INFO ] [net.sf.log4jdbc.log.slf4j.Slf4jSpyLogDelegator] [HikariPool-2 connection closer] -- 4. Connection.close() returned 
2022-06-04 22:59:44.997 [INFO ] [net.sf.log4jdbc.log.slf4j.Slf4jSpyLogDelegator] [HikariPool-2 connection closer] -- 5. Connection closed
2022-06-04 22:59:44.997 [INFO ] [net.sf.log4jdbc.log.slf4j.Slf4jSpyLogDelegator] [HikariPool-2 connection closer] -- 5. Connection.close() returned 
2022-06-04 22:59:44.997 [INFO ] [net.sf.log4jdbc.log.slf4j.Slf4jSpyLogDelegator] [HikariPool-2 connection closer] -- 6. Connection closed
2022-06-04 22:59:44.997 [INFO ] [net.sf.log4jdbc.log.slf4j.Slf4jSpyLogDelegator] [HikariPool-2 connection closer] -- 6. Connection.close() returned 
2022-06-04 22:59:44.998 [INFO ] [net.sf.log4jdbc.log.slf4j.Slf4jSpyLogDelegator] [HikariPool-2 connection closer] -- 7. Connection closed
2022-06-04 22:59:44.998 [INFO ] [net.sf.log4jdbc.log.slf4j.Slf4jSpyLogDelegator] [HikariPool-2 connection closer] -- 7. Connection.close() returned 
2022-06-04 22:59:44.998 [INFO ] [net.sf.log4jdbc.log.slf4j.Slf4jSpyLogDelegator] [HikariPool-2 connection closer] -- 8. Connection closed
2022-06-04 22:59:44.999 [INFO ] [net.sf.log4jdbc.log.slf4j.Slf4jSpyLogDelegator] [HikariPool-2 connection closer] -- 8. Connection.close() returned 
2022-06-04 22:59:45.001 [INFO ] [net.sf.log4jdbc.log.slf4j.Slf4jSpyLogDelegator] [HikariPool-2 connection closer] -- 9. Connection closed
2022-06-04 22:59:45.001 [INFO ] [net.sf.log4jdbc.log.slf4j.Slf4jSpyLogDelegator] [HikariPool-2 connection closer] -- 9. Connection.close() returned 
2022-06-04 22:59:45.002 [INFO ] [net.sf.log4jdbc.log.slf4j.Slf4jSpyLogDelegator] [HikariPool-2 connection closer] -- 10. Connection closed
2022-06-04 22:59:45.002 [INFO ] [net.sf.log4jdbc.log.slf4j.Slf4jSpyLogDelegator] [HikariPool-2 connection closer] -- 10. Connection.close() returned 
2022-06-04 22:59:45.002 [INFO ] [com.zaxxer.hikari.HikariDataSource] [Catalina-utility-2] -- HikariPool-2 - Shutdown completed.
2022-06-04 22:59:51.862 [INFO ] [org.springframework.web.context.ContextLoader] [Catalina-utility-2] -- Root WebApplicationContext: initialization started
2022-06-04 22:59:51.993 [INFO ] [org.springframework.context.support.AbstractApplicationContext] [Catalina-utility-2] -- Refreshing Root WebApplicationContext: startup date [Sat Jun 04 22:59:51 KST 2022]; root of context hierarchy
2022-06-04 22:59:52.094 [INFO ] [org.springframework.beans.factory.xml.XmlBeanDefinitionReader] [Catalina-utility-2] -- Loading XML bean definitions from file [C:\develop\work_space\project\.metadata\.plugins\org.eclipse.wst.server.core\tmp0\wtpwebapps\mall_project\WEB-INF\classes\spring\db-context.xml]
2022-06-04 22:59:52.385 [INFO ] [org.springframework.beans.factory.xml.XmlBeanDefinitionReader] [Catalina-utility-2] -- Loading XML bean definitions from file [C:\develop\work_space\project\.metadata\.plugins\org.eclipse.wst.server.core\tmp0\wtpwebapps\mall_project\WEB-INF\classes\spring\fileUpload-context.xml]
2022-06-04 22:59:52.623 [INFO ] [org.springframework.beans.factory.annotation.AutowiredAnnotationBeanPostProcessor] [Catalina-utility-2] -- JSR-330 'javax.inject.Inject' annotation found and supported for autowiring
2022-06-04 22:59:52.971 [INFO ] [com.zaxxer.hikari.HikariDataSource] [Catalina-utility-2] -- HikariPool-3 - Starting...
2022-06-04 22:59:53.400 [INFO ] [net.sf.log4jdbc.log.slf4j.Slf4jSpyLogDelegator] [Catalina-utility-2] -- 1. Connection opened
2022-06-04 22:59:53.400 [INFO ] [net.sf.log4jdbc.log.slf4j.Slf4jSpyLogDelegator] [Catalina-utility-2] -- 1. Connection.new Connection returned 
2022-06-04 22:59:53.400 [INFO ] [com.zaxxer.hikari.pool.PoolBase] [Catalina-utility-2] -- HikariPool-3 - Driver does not support get/set network timeout for connections. (net.sf.log4jdbc.sql.jdbcapi.ConnectionSpy.getNetworkTimeout()I)
2022-06-04 22:59:53.400 [INFO ] [net.sf.log4jdbc.log.slf4j.Slf4jSpyLogDelegator] [Catalina-utility-2] -- 1. Connection.isReadOnly() returned false
2022-06-04 22:59:53.401 [INFO ] [net.sf.log4jdbc.log.slf4j.Slf4jSpyLogDelegator] [Catalina-utility-2] -- 1. Connection.getAutoCommit() returned true
2022-06-04 22:59:53.401 [INFO ] [net.sf.log4jdbc.log.slf4j.Slf4jSpyLogDelegator] [Catalina-utility-2] -- 1. Connection.isValid(1) returned true
2022-06-04 22:59:53.402 [INFO ] [net.sf.log4jdbc.log.slf4j.Slf4jSpyLogDelegator] [Catalina-utility-2] -- 1. Connection.getTransactionIsolation() returned 2
2022-06-04 22:59:53.406 [INFO ] [com.zaxxer.hikari.HikariDataSource] [Catalina-utility-2] -- HikariPool-3 - Start completed.
